<?xml version="1.0" encoding="UTF-8"?>
<robot generator="Robot 7.3.1 (Python 3.12.2 on win32)" generated="2025-11-25T15:32:32.270724" rpa="false" schemaversion="5">
<suite id="s1" name="testRobotAustay-final" source="C:\Users\anavic\Documents\testRobotAustay-final">
<suite id="s1-s1" name="Autenticacao" source="C:\Users\anavic\Documents\testRobotAustay-final\autenticacao">
<suite id="s1-s1-s1" name="Autenticacao Usuario" source="C:\Users\anavic\Documents\testRobotAustay-final\autenticacao\autenticacao_usuario.robot">
<test id="s1-s1-s1-t1" name="CT01 Login com credenciais válidas" line="14">
<kw name="Dado que estou na página de login">
<kw name="Open Browser" owner="SeleniumLibrary">
<msg time="2025-11-25T15:32:33.490782" level="INFO">Opening browser 'chrome' to base url 'http://localhost:5173'.</msg>
<arg>${BASE_URL}</arg>
<arg>${BROWSER}</arg>
<doc>Opens a new browser instance to the optional ``url``.</doc>
<status status="PASS" start="2025-11-25T15:32:33.490268" elapsed="9.343742"/>
</kw>
<kw name="Maximize Browser Window" owner="SeleniumLibrary">
<doc>Maximizes current browser window.</doc>
<status status="PASS" start="2025-11-25T15:32:42.835006" elapsed="0.097680"/>
</kw>
<kw name="Wait Until Element Is Visible" owner="SeleniumLibrary">
<arg>css=form</arg>
<arg>timeout=10s</arg>
<doc>Waits until the element ``locator`` is visible.</doc>
<status status="PASS" start="2025-11-25T15:32:42.933685" elapsed="0.105637"/>
</kw>
<kw name="Set Selenium Speed" owner="SeleniumLibrary">
<arg>0.3</arg>
<doc>Sets the delay that is waited after each Selenium command.</doc>
<status status="PASS" start="2025-11-25T15:32:43.040329" elapsed="0.000000"/>
</kw>
<status status="PASS" start="2025-11-25T15:32:33.487394" elapsed="9.552935"/>
</kw>
<kw name="E preencho o campo de e-mail com">
<kw name="Input Text" owner="SeleniumLibrary">
<msg time="2025-11-25T15:32:43.046671" level="INFO">Typing text 'test@email.com' into text field 'css=input[placeholder="seu@email.com"]'.</msg>
<arg>css=input[placeholder="seu@email.com"]</arg>
<arg>${email}</arg>
<doc>Types the given ``text`` into the text field identified by ``locator``.</doc>
<status status="PASS" start="2025-11-25T15:32:43.046671" elapsed="1.252704"/>
</kw>
<arg>${VALID_EMAIL}</arg>
<status status="PASS" start="2025-11-25T15:32:43.045672" elapsed="1.253703"/>
</kw>
<kw name="E preencho o campo de senha com">
<kw name="Input Password" owner="SeleniumLibrary">
<msg time="2025-11-25T15:32:44.303047" level="INFO">Typing password into text field 'css=input[placeholder="*********"]'.</msg>
<msg time="2025-11-25T15:32:44.997835" level="INFO">Temporally setting log level to: NONE</msg>
<arg>css=input[placeholder="*********"]</arg>
<arg>${password}</arg>
<doc>Types the given password into the text field identified by ``locator``.</doc>
<status status="PASS" start="2025-11-25T15:32:44.302534" elapsed="1.146429"/>
</kw>
<arg>${VALID_PASSWORD}</arg>
<status status="PASS" start="2025-11-25T15:32:44.301889" elapsed="1.147074"/>
</kw>
<kw name="Quando clico no botão de login">
<kw name="Click Element" owner="SeleniumLibrary">
<msg time="2025-11-25T15:32:45.451976" level="INFO">Clicking element 'xpath=//button[contains(text(), "Entrar")]'.</msg>
<arg>xpath=//button[contains(text(), "Entrar")]</arg>
<doc>Click the element identified by ``locator``.</doc>
<status status="PASS" start="2025-11-25T15:32:45.450976" elapsed="0.866380"/>
</kw>
<status status="PASS" start="2025-11-25T15:32:45.449974" elapsed="0.867892"/>
</kw>
<kw name="Então devo ser autenticado com sucesso">
<kw name="Wait Until Location Contains" owner="SeleniumLibrary">
<arg>/home</arg>
<arg>timeout=10s</arg>
<doc>Waits until the current URL contains ``expected``.</doc>
<status status="PASS" start="2025-11-25T15:32:46.318882" elapsed="0.839175"/>
</kw>
<status status="PASS" start="2025-11-25T15:32:46.317866" elapsed="0.840191"/>
</kw>
<kw name="E devo ser redirecionado para a tela inicial">
<kw name="Location Should Contain" owner="SeleniumLibrary">
<msg time="2025-11-25T15:32:47.491421" level="INFO">Current location contains '/home'.</msg>
<arg>/home</arg>
<doc>Verifies that the current URL contains ``expected``.</doc>
<status status="PASS" start="2025-11-25T15:32:47.165861" elapsed="0.325560"/>
</kw>
<status status="PASS" start="2025-11-25T15:32:47.165096" elapsed="0.326325"/>
</kw>
<kw name="Close Browser" owner="SeleniumLibrary" type="TEARDOWN">
<doc>Closes the current browser.</doc>
<status status="PASS" start="2025-11-25T15:32:47.491421" elapsed="2.806861"/>
</kw>
<doc>Testa login bem-sucedido com credenciais válidas</doc>
<status status="PASS" start="2025-11-25T15:32:33.481521" elapsed="16.816761"/>
</test>
<test id="s1-s1-s1-t2" name="CT02 Usuário não encontrado" line="24">
<kw name="Dado que estou na página de login">
<kw name="Open Browser" owner="SeleniumLibrary">
<msg time="2025-11-25T15:32:50.298282" level="INFO">Opening browser 'chrome' to base url 'http://localhost:5173'.</msg>
<arg>${BASE_URL}</arg>
<arg>${BROWSER}</arg>
<doc>Opens a new browser instance to the optional ``url``.</doc>
<status status="PASS" start="2025-11-25T15:32:50.298282" elapsed="14.387696"/>
</kw>
<kw name="Maximize Browser Window" owner="SeleniumLibrary">
<doc>Maximizes current browser window.</doc>
<status status="PASS" start="2025-11-25T15:33:04.685978" elapsed="0.340466"/>
</kw>
<kw name="Wait Until Element Is Visible" owner="SeleniumLibrary">
<arg>css=form</arg>
<arg>timeout=10s</arg>
<doc>Waits until the element ``locator`` is visible.</doc>
<status status="PASS" start="2025-11-25T15:33:05.026444" elapsed="0.654701"/>
</kw>
<kw name="Set Selenium Speed" owner="SeleniumLibrary">
<arg>0.3</arg>
<doc>Sets the delay that is waited after each Selenium command.</doc>
<status status="PASS" start="2025-11-25T15:33:05.681145" elapsed="0.001014"/>
</kw>
<status status="PASS" start="2025-11-25T15:32:50.298282" elapsed="15.383877"/>
</kw>
<kw name="E preencho o campo de e-mail com">
<kw name="Input Text" owner="SeleniumLibrary">
<msg time="2025-11-25T15:33:05.705482" level="INFO">Typing text 'naoexiste@email.com' into text field 'css=input[placeholder="seu@email.com"]'.</msg>
<arg>css=input[placeholder="seu@email.com"]</arg>
<arg>${email}</arg>
<doc>Types the given ``text`` into the text field identified by ``locator``.</doc>
<status status="PASS" start="2025-11-25T15:33:05.704494" elapsed="1.369849"/>
</kw>
<arg>${INVALID_EMAIL}</arg>
<status status="PASS" start="2025-11-25T15:33:05.702490" elapsed="1.371853"/>
</kw>
<kw name="E preencho o campo de senha com">
<kw name="Input Password" owner="SeleniumLibrary">
<msg time="2025-11-25T15:33:07.076987" level="INFO">Typing password into text field 'css=input[placeholder="*********"]'.</msg>
<msg time="2025-11-25T15:33:07.864511" level="INFO">Temporally setting log level to: NONE</msg>
<arg>css=input[placeholder="*********"]</arg>
<arg>${password}</arg>
<doc>Types the given password into the text field identified by ``locator``.</doc>
<status status="PASS" start="2025-11-25T15:33:07.076468" elapsed="1.194047"/>
</kw>
<arg>${WRONG_PASSWORD}</arg>
<status status="PASS" start="2025-11-25T15:33:07.075493" elapsed="1.195022"/>
</kw>
<kw name="Quando clico no botão de login">
<kw name="Click Element" owner="SeleniumLibrary">
<msg time="2025-11-25T15:33:08.272079" level="INFO">Clicking element 'xpath=//button[contains(text(), "Entrar")]'.</msg>
<arg>xpath=//button[contains(text(), "Entrar")]</arg>
<doc>Click the element identified by ``locator``.</doc>
<status status="PASS" start="2025-11-25T15:33:08.271059" elapsed="0.873031"/>
</kw>
<status status="PASS" start="2025-11-25T15:33:08.271059" elapsed="0.873031"/>
</kw>
<kw name="Então deve aparecer mensagem de erro usuário não encontrado">
<kw name="Wait Until Page Contains" owner="SeleniumLibrary">
<arg>E-mail não localizado</arg>
<arg>timeout=10s</arg>
<doc>Waits until ``text`` appears on the current page.</doc>
<status status="PASS" start="2025-11-25T15:33:09.145107" elapsed="0.333886"/>
</kw>
<status status="PASS" start="2025-11-25T15:33:09.145107" elapsed="0.333886"/>
</kw>
<kw name="E o login não deve ser realizado">
<kw name="Location Should Be" owner="SeleniumLibrary">
<msg time="2025-11-25T15:33:09.794708" level="INFO">Current location is 'http://localhost:5173/'.</msg>
<arg>${BASE_URL}/</arg>
<doc>Verifies that the current URL is exactly ``url``.</doc>
<status status="PASS" start="2025-11-25T15:33:09.480011" elapsed="0.315485"/>
</kw>
<status status="PASS" start="2025-11-25T15:33:09.480011" elapsed="0.315485"/>
</kw>
<kw name="Close Browser" owner="SeleniumLibrary" type="TEARDOWN">
<doc>Closes the current browser.</doc>
<status status="PASS" start="2025-11-25T15:33:09.796813" elapsed="2.946635"/>
</kw>
<doc>Testa tentativa de login com e-mail não cadastrado</doc>
<status status="PASS" start="2025-11-25T15:32:50.298282" elapsed="22.446946"/>
</test>
<test id="s1-s1-s1-t3" name="CT03 Credenciais inválidas" line="34">
<kw name="Dado que estou na página de login">
<kw name="Open Browser" owner="SeleniumLibrary">
<msg time="2025-11-25T15:33:12.753806" level="INFO">Opening browser 'chrome' to base url 'http://localhost:5173'.</msg>
<arg>${BASE_URL}</arg>
<arg>${BROWSER}</arg>
<doc>Opens a new browser instance to the optional ``url``.</doc>
<status status="PASS" start="2025-11-25T15:33:12.753236" elapsed="7.534032"/>
</kw>
<kw name="Maximize Browser Window" owner="SeleniumLibrary">
<doc>Maximizes current browser window.</doc>
<status status="PASS" start="2025-11-25T15:33:20.287786" elapsed="0.366999"/>
</kw>
<kw name="Wait Until Element Is Visible" owner="SeleniumLibrary">
<arg>css=form</arg>
<arg>timeout=10s</arg>
<doc>Waits until the element ``locator`` is visible.</doc>
<status status="PASS" start="2025-11-25T15:33:20.654785" elapsed="0.698321"/>
</kw>
<kw name="Set Selenium Speed" owner="SeleniumLibrary">
<arg>0.3</arg>
<doc>Sets the delay that is waited after each Selenium command.</doc>
<status status="PASS" start="2025-11-25T15:33:21.353704" elapsed="0.001014"/>
</kw>
<status status="PASS" start="2025-11-25T15:33:12.752106" elapsed="8.602612"/>
</kw>
<kw name="E preencho o campo de e-mail com">
<kw name="Input Text" owner="SeleniumLibrary">
<msg time="2025-11-25T15:33:21.355235" level="INFO">Typing text 'test@email.com' into text field 'css=input[placeholder="seu@email.com"]'.</msg>
<arg>css=input[placeholder="seu@email.com"]</arg>
<arg>${email}</arg>
<doc>Types the given ``text`` into the text field identified by ``locator``.</doc>
<status status="PASS" start="2025-11-25T15:33:21.355235" elapsed="1.332882"/>
</kw>
<arg>${VALID_EMAIL}</arg>
<status status="PASS" start="2025-11-25T15:33:21.355235" elapsed="1.332882"/>
</kw>
<kw name="E preencho o campo de senha com">
<kw name="Input Password" owner="SeleniumLibrary">
<msg time="2025-11-25T15:33:22.689624" level="INFO">Typing password into text field 'css=input[placeholder="*********"]'.</msg>
<msg time="2025-11-25T15:33:23.408678" level="INFO">Temporally setting log level to: NONE</msg>
<arg>css=input[placeholder="*********"]</arg>
<arg>${password}</arg>
<doc>Types the given password into the text field identified by ``locator``.</doc>
<status status="PASS" start="2025-11-25T15:33:22.689624" elapsed="1.355114"/>
</kw>
<arg>${WRONG_PASSWORD}</arg>
<status status="PASS" start="2025-11-25T15:33:22.688117" elapsed="1.356621"/>
</kw>
<kw name="Quando clico no botão de login">
<kw name="Click Element" owner="SeleniumLibrary">
<msg time="2025-11-25T15:33:24.046343" level="INFO">Clicking element 'xpath=//button[contains(text(), "Entrar")]'.</msg>
<arg>xpath=//button[contains(text(), "Entrar")]</arg>
<doc>Click the element identified by ``locator``.</doc>
<status status="PASS" start="2025-11-25T15:33:24.046343" elapsed="0.811558"/>
</kw>
<status status="PASS" start="2025-11-25T15:33:24.045776" elapsed="0.812125"/>
</kw>
<kw name="Então deve aparecer mensagem de erro credenciais inválidas">
<kw name="Wait Until Page Contains" owner="SeleniumLibrary">
<arg>Senha incorreta</arg>
<arg>timeout=10s</arg>
<doc>Waits until ``text`` appears on the current page.</doc>
<status status="PASS" start="2025-11-25T15:33:24.859915" elapsed="0.850153"/>
</kw>
<status status="PASS" start="2025-11-25T15:33:24.859915" elapsed="0.850670"/>
</kw>
<kw name="E o login não deve ser realizado">
<kw name="Location Should Be" owner="SeleniumLibrary">
<msg time="2025-11-25T15:33:26.032921" level="INFO">Current location is 'http://localhost:5173/'.</msg>
<arg>${BASE_URL}/</arg>
<doc>Verifies that the current URL is exactly ``url``.</doc>
<status status="PASS" start="2025-11-25T15:33:25.711598" elapsed="0.321323"/>
</kw>
<status status="PASS" start="2025-11-25T15:33:25.710585" elapsed="0.323351"/>
</kw>
<kw name="Close Browser" owner="SeleniumLibrary" type="TEARDOWN">
<doc>Closes the current browser.</doc>
<status status="PASS" start="2025-11-25T15:33:26.037555" elapsed="2.804931"/>
</kw>
<doc>Testa tentativa de login com senha incorreta</doc>
<status status="PASS" start="2025-11-25T15:33:12.750416" elapsed="16.092070"/>
</test>
<test id="s1-s1-s1-t4" name="CT04 Campos obrigatórios não preenchidos" line="44">
<kw name="Dado que estou na página de login">
<kw name="Open Browser" owner="SeleniumLibrary">
<msg time="2025-11-25T15:33:28.843869" level="INFO">Opening browser 'chrome' to base url 'http://localhost:5173'.</msg>
<arg>${BASE_URL}</arg>
<arg>${BROWSER}</arg>
<doc>Opens a new browser instance to the optional ``url``.</doc>
<status status="PASS" start="2025-11-25T15:33:28.843869" elapsed="5.939033"/>
</kw>
<kw name="Maximize Browser Window" owner="SeleniumLibrary">
<doc>Maximizes current browser window.</doc>
<status status="PASS" start="2025-11-25T15:33:34.783922" elapsed="0.355740"/>
</kw>
<kw name="Wait Until Element Is Visible" owner="SeleniumLibrary">
<arg>css=form</arg>
<arg>timeout=10s</arg>
<doc>Waits until the element ``locator`` is visible.</doc>
<status status="PASS" start="2025-11-25T15:33:35.140578" elapsed="0.638402"/>
</kw>
<kw name="Set Selenium Speed" owner="SeleniumLibrary">
<arg>0.3</arg>
<doc>Sets the delay that is waited after each Selenium command.</doc>
<status status="PASS" start="2025-11-25T15:33:35.778980" elapsed="0.000000"/>
</kw>
<status status="PASS" start="2025-11-25T15:33:28.843869" elapsed="6.936220"/>
</kw>
<kw name="Quando clico no botão de login">
<kw name="Click Element" owner="SeleniumLibrary">
<msg time="2025-11-25T15:33:35.781164" level="INFO">Clicking element 'xpath=//button[contains(text(), "Entrar")]'.</msg>
<arg>xpath=//button[contains(text(), "Entrar")]</arg>
<doc>Click the element identified by ``locator``.</doc>
<status status="PASS" start="2025-11-25T15:33:35.781164" elapsed="0.946498"/>
</kw>
<status status="PASS" start="2025-11-25T15:33:35.780089" elapsed="0.947573"/>
</kw>
<kw name="Então deve aparecer mensagem de erro campos obrigatórios">
<kw name="Wait Until Page Contains" owner="SeleniumLibrary">
<arg>Obrigatório</arg>
<arg>timeout=10s</arg>
<doc>Waits until ``text`` appears on the current page.</doc>
<status status="PASS" start="2025-11-25T15:33:36.730682" elapsed="0.343822"/>
</kw>
<status status="PASS" start="2025-11-25T15:33:36.729691" elapsed="0.344813"/>
</kw>
<kw name="E o login não deve ser realizado">
<kw name="Location Should Be" owner="SeleniumLibrary">
<msg time="2025-11-25T15:33:37.392380" level="INFO">Current location is 'http://localhost:5173/'.</msg>
<arg>${BASE_URL}/</arg>
<doc>Verifies that the current URL is exactly ``url``.</doc>
<status status="PASS" start="2025-11-25T15:33:37.075519" elapsed="0.316861"/>
</kw>
<status status="PASS" start="2025-11-25T15:33:37.075519" elapsed="0.317395"/>
</kw>
<kw name="Close Browser" owner="SeleniumLibrary" type="TEARDOWN">
<doc>Closes the current browser.</doc>
<status status="PASS" start="2025-11-25T15:33:37.393932" elapsed="2.592707"/>
</kw>
<doc>Testa validação de campos obrigatórios</doc>
<status status="PASS" start="2025-11-25T15:33:28.843869" elapsed="11.142770"/>
</test>
<test id="s1-s1-s1-t5" name="CT05 Funcionalidade Esqueci a Senha" line="52">
<kw name="Dado que estou na página de login">
<kw name="Open Browser" owner="SeleniumLibrary">
<msg time="2025-11-25T15:33:39.986639" level="INFO">Opening browser 'chrome' to base url 'http://localhost:5173'.</msg>
<arg>${BASE_URL}</arg>
<arg>${BROWSER}</arg>
<doc>Opens a new browser instance to the optional ``url``.</doc>
<status status="PASS" start="2025-11-25T15:33:39.986639" elapsed="5.997365"/>
</kw>
<kw name="Maximize Browser Window" owner="SeleniumLibrary">
<doc>Maximizes current browser window.</doc>
<status status="PASS" start="2025-11-25T15:33:45.984004" elapsed="0.354150"/>
</kw>
<kw name="Wait Until Element Is Visible" owner="SeleniumLibrary">
<arg>css=form</arg>
<arg>timeout=10s</arg>
<doc>Waits until the element ``locator`` is visible.</doc>
<status status="PASS" start="2025-11-25T15:33:46.338154" elapsed="0.635267"/>
</kw>
<kw name="Set Selenium Speed" owner="SeleniumLibrary">
<arg>0.3</arg>
<doc>Sets the delay that is waited after each Selenium command.</doc>
<status status="PASS" start="2025-11-25T15:33:46.973963" elapsed="0.000000"/>
</kw>
<status status="PASS" start="2025-11-25T15:33:39.986639" elapsed="6.987978"/>
</kw>
<kw name="Quando clico no link &quot;Esqueceu a senha?&quot;">
<kw name="Click Element" owner="SeleniumLibrary">
<msg time="2025-11-25T15:33:46.976935" level="INFO">Clicking element 'xpath=//a[contains(text(), "Esqueceu a senha?")]'.</msg>
<arg>xpath=//a[contains(text(), "Esqueceu a senha?")]</arg>
<doc>Click the element identified by ``locator``.</doc>
<status status="PASS" start="2025-11-25T15:33:46.976425" elapsed="0.819111"/>
</kw>
<status status="PASS" start="2025-11-25T15:33:46.975406" elapsed="0.820130"/>
</kw>
<kw name="Então o modal de recuperação de senha deve estar aberto">
<kw name="Page Should Contain Element" owner="SeleniumLibrary">
<msg time="2025-11-25T15:33:48.128177" level="INFO">Current page contains element 'xpath=//h2[normalize-space(.)="Redefinir senha"]'.</msg>
<arg>xpath=//h2[normalize-space(.)="Redefinir senha"]</arg>
<doc>Verifies that element ``locator`` is found on the current page.</doc>
<status status="PASS" start="2025-11-25T15:33:47.796801" elapsed="0.331376"/>
</kw>
<status status="PASS" start="2025-11-25T15:33:47.795536" elapsed="0.333157"/>
</kw>
<kw name="Quando fecho o modal de recuperação de senha">
<kw name="Press Keys" owner="SeleniumLibrary">
<msg time="2025-11-25T15:33:48.130971" level="INFO">Sending key(s) ('ESC',) to page.</msg>
<msg time="2025-11-25T15:33:48.131970" level="INFO">Pressing special key ESCAPE to browser.</msg>
<msg time="2025-11-25T15:33:48.131970" level="INFO">Releasing special key ESCAPE.</msg>
<arg>None</arg>
<arg>ESC</arg>
<doc>Simulates the user pressing key(s) to an element or on the active browser.</doc>
<status status="PASS" start="2025-11-25T15:33:48.129709" elapsed="0.406519"/>
</kw>
<kw name="Wait Until Element Is Not Visible" owner="SeleniumLibrary">
<arg>css=[data-testid="forgot-password-modal"]</arg>
<doc>Waits until the element ``locator`` is not visible.</doc>
<status status="PASS" start="2025-11-25T15:33:48.536228" elapsed="0.319291"/>
</kw>
<status status="PASS" start="2025-11-25T15:33:48.129709" elapsed="0.725810"/>
</kw>
<kw name="Close Browser" owner="SeleniumLibrary" type="TEARDOWN">
<doc>Closes the current browser.</doc>
<status status="PASS" start="2025-11-25T15:33:48.856034" elapsed="2.530965"/>
</kw>
<doc>Testa a funcionalidade de recuperação de senha</doc>
<status status="PASS" start="2025-11-25T15:33:39.986639" elapsed="11.400360"/>
</test>
<test id="s1-s1-s1-t6" name="CT06 Alternar visibilidade da senha" line="60">
<kw name="Dado que estou na página de login">
<kw name="Open Browser" owner="SeleniumLibrary">
<msg time="2025-11-25T15:33:51.386999" level="INFO">Opening browser 'chrome' to base url 'http://localhost:5173'.</msg>
<arg>${BASE_URL}</arg>
<arg>${BROWSER}</arg>
<doc>Opens a new browser instance to the optional ``url``.</doc>
<status status="PASS" start="2025-11-25T15:33:51.386999" elapsed="2.267750"/>
</kw>
<kw name="Maximize Browser Window" owner="SeleniumLibrary">
<doc>Maximizes current browser window.</doc>
<status status="PASS" start="2025-11-25T15:33:53.655261" elapsed="3.646310"/>
</kw>
<kw name="Wait Until Element Is Visible" owner="SeleniumLibrary">
<arg>css=form</arg>
<arg>timeout=10s</arg>
<doc>Waits until the element ``locator`` is visible.</doc>
<status status="PASS" start="2025-11-25T15:33:57.301571" elapsed="0.645122"/>
</kw>
<kw name="Set Selenium Speed" owner="SeleniumLibrary">
<arg>0.3</arg>
<doc>Sets the delay that is waited after each Selenium command.</doc>
<status status="PASS" start="2025-11-25T15:33:57.946693" elapsed="0.000000"/>
</kw>
<status status="PASS" start="2025-11-25T15:33:51.386999" elapsed="6.559694"/>
</kw>
<kw name="E preencho o campo de senha com">
<kw name="Input Password" owner="SeleniumLibrary">
<msg time="2025-11-25T15:33:57.947871" level="INFO">Typing password into text field 'css=input[placeholder="*********"]'.</msg>
<msg time="2025-11-25T15:33:58.628601" level="INFO">Temporally setting log level to: NONE</msg>
<arg>css=input[placeholder="*********"]</arg>
<arg>${password}</arg>
<doc>Types the given password into the text field identified by ``locator``.</doc>
<status status="PASS" start="2025-11-25T15:33:57.947871" elapsed="1.122687"/>
</kw>
<arg>${VALID_PASSWORD}</arg>
<status status="PASS" start="2025-11-25T15:33:57.947871" elapsed="1.122687"/>
</kw>
<kw name="Então a senha deve estar oculta">
<kw name="Get Element Attribute" owner="SeleniumLibrary">
<msg time="2025-11-25T15:33:59.720688" level="INFO">${type} = password</msg>
<var>${type}</var>
<arg>css=input[placeholder="*********"]</arg>
<arg>type</arg>
<doc>Returns the value of ``attribute`` from the element ``locator``.</doc>
<status status="PASS" start="2025-11-25T15:33:59.072582" elapsed="0.648106"/>
</kw>
<kw name="Should Be Equal" owner="BuiltIn">
<arg>${type}</arg>
<arg>password</arg>
<doc>Fails if the given objects are unequal.</doc>
<status status="PASS" start="2025-11-25T15:33:59.721709" elapsed="0.000996"/>
</kw>
<status status="PASS" start="2025-11-25T15:33:59.071576" elapsed="0.651129"/>
</kw>
<kw name="Quando clico no ícone de visibilidade da senha">
<kw name="Click Element" owner="SeleniumLibrary">
<msg time="2025-11-25T15:33:59.724717" level="INFO">Clicking element 'css=button[aria-label="toggle password visibility"]'.</msg>
<arg>css=button[aria-label="toggle password visibility"]</arg>
<doc>Click the element identified by ``locator``.</doc>
<status status="PASS" start="2025-11-25T15:33:59.723707" elapsed="0.818168"/>
</kw>
<status status="PASS" start="2025-11-25T15:33:59.722705" elapsed="0.819170"/>
</kw>
<kw name="Então a senha deve ficar visível">
<kw name="Get Element Attribute" owner="SeleniumLibrary">
<msg time="2025-11-25T15:34:01.171584" level="INFO">${type} = text</msg>
<var>${type}</var>
<arg>css=input[placeholder="*********"]</arg>
<arg>type</arg>
<doc>Returns the value of ``attribute`` from the element ``locator``.</doc>
<status status="PASS" start="2025-11-25T15:34:00.542887" elapsed="0.628697"/>
</kw>
<kw name="Should Be Equal" owner="BuiltIn">
<arg>${type}</arg>
<arg>text</arg>
<doc>Fails if the given objects are unequal.</doc>
<status status="PASS" start="2025-11-25T15:34:01.171584" elapsed="0.000000"/>
</kw>
<status status="PASS" start="2025-11-25T15:34:00.542887" elapsed="0.629708"/>
</kw>
<kw name="Quando clico no ícone de visibilidade da senha">
<kw name="Click Element" owner="SeleniumLibrary">
<msg time="2025-11-25T15:34:01.173598" level="INFO">Clicking element 'css=button[aria-label="toggle password visibility"]'.</msg>
<arg>css=button[aria-label="toggle password visibility"]</arg>
<doc>Click the element identified by ``locator``.</doc>
<status status="PASS" start="2025-11-25T15:34:01.172595" elapsed="0.821525"/>
</kw>
<status status="PASS" start="2025-11-25T15:34:01.172595" elapsed="0.821525"/>
</kw>
<kw name="Então a senha deve estar oculta novamente">
<kw name="Get Element Attribute" owner="SeleniumLibrary">
<msg time="2025-11-25T15:34:02.625035" level="INFO">${type} = password</msg>
<var>${type}</var>
<arg>css=input[placeholder="*********"]</arg>
<arg>type</arg>
<doc>Returns the value of ``attribute`` from the element ``locator``.</doc>
<status status="PASS" start="2025-11-25T15:34:01.997621" elapsed="0.627414"/>
</kw>
<kw name="Should Be Equal" owner="BuiltIn">
<arg>${type}</arg>
<arg>password</arg>
<doc>Fails if the given objects are unequal.</doc>
<status status="PASS" start="2025-11-25T15:34:02.625569" elapsed="0.000000"/>
</kw>
<status status="PASS" start="2025-11-25T15:34:01.996137" elapsed="0.629432"/>
</kw>
<kw name="Close Browser" owner="SeleniumLibrary" type="TEARDOWN">
<doc>Closes the current browser.</doc>
<status status="PASS" start="2025-11-25T15:34:02.626596" elapsed="2.683541"/>
</kw>
<doc>Testa a funcionalidade de mostrar/ocultar senha</doc>
<status status="PASS" start="2025-11-25T15:33:51.386999" elapsed="13.923138"/>
</test>
<status status="PASS" start="2025-11-25T15:32:32.403928" elapsed="92.906209"/>
</suite>
<status status="PASS" start="2025-11-25T15:32:32.397468" elapsed="92.912669"/>
</suite>
<suite id="s1-s2" name="Estadia" source="C:\Users\anavic\Documents\testRobotAustay-final\estadia">
<suite id="s1-s2-s1" name="Criacao Estadia" source="C:\Users\anavic\Documents\testRobotAustay-final\estadia\criacao_estadia.robot">
<kw name="Configurar Suite Compartilhada" owner="keywords" type="SETUP">
<kw name="Open Browser" owner="SeleniumLibrary">
<msg time="2025-11-25T15:34:05.346492" level="INFO">Opening browser 'chrome' to base url 'http://localhost:5173'.</msg>
<arg>${BASE_URL}</arg>
<arg>${BROWSER}</arg>
<doc>Opens a new browser instance to the optional ``url``.</doc>
<status status="PASS" start="2025-11-25T15:34:05.346492" elapsed="6.381049"/>
</kw>
<kw name="Maximize Browser Window" owner="SeleniumLibrary">
<doc>Maximizes current browser window.</doc>
<status status="PASS" start="2025-11-25T15:34:11.728054" elapsed="0.351676"/>
</kw>
<kw name="Realizar Login Inicial" owner="keywords">
<kw name="Wait Until Element Is Visible" owner="SeleniumLibrary">
<arg>css=input[placeholder="seu@email.com"]</arg>
<arg>timeout=10s</arg>
<doc>Waits until the element ``locator`` is visible.</doc>
<status status="PASS" start="2025-11-25T15:34:12.080852" elapsed="0.660873"/>
</kw>
<kw name="Input Text" owner="SeleniumLibrary">
<msg time="2025-11-25T15:34:12.742738" level="INFO">Typing text 'test@email.com' into text field 'css=input[placeholder="seu@email.com"]'.</msg>
<arg>css=input[placeholder="seu@email.com"]</arg>
<arg>${VALID_EMAIL}</arg>
<doc>Types the given ``text`` into the text field identified by ``locator``.</doc>
<status status="PASS" start="2025-11-25T15:34:12.741725" elapsed="1.239005"/>
</kw>
<kw name="Input Password" owner="SeleniumLibrary">
<msg time="2025-11-25T15:34:13.981247" level="INFO">Typing password into text field 'css=input[placeholder="*********"]'.</msg>
<msg time="2025-11-25T15:34:14.698087" level="INFO">Temporally setting log level to: NONE</msg>
<arg>css=input[placeholder="*********"]</arg>
<arg>${VALID_PASSWORD}</arg>
<doc>Types the given password into the text field identified by ``locator``.</doc>
<status status="PASS" start="2025-11-25T15:34:13.981247" elapsed="1.144050"/>
</kw>
<kw name="Click Element" owner="SeleniumLibrary">
<msg time="2025-11-25T15:34:15.126311" level="INFO">Clicking element 'xpath=//button[contains(text(), "Entrar")]'.</msg>
<arg>xpath=//button[contains(text(), "Entrar")]</arg>
<doc>Click the element identified by ``locator``.</doc>
<status status="PASS" start="2025-11-25T15:34:15.125297" elapsed="0.827497"/>
</kw>
<kw name="Wait Until Location Contains" owner="SeleniumLibrary">
<arg>/home</arg>
<arg>timeout=10s</arg>
<doc>Waits until the current URL contains ``expected``.</doc>
<status status="PASS" start="2025-11-25T15:34:15.952794" elapsed="0.824080"/>
</kw>
<kw name="Fechar Alerta Mudança Senha" owner="keywords">
<kw name="Run Keyword And Return Status" owner="BuiltIn">
<kw name="Wait Until Element Is Visible" owner="SeleniumLibrary">
<msg time="2025-11-25T15:34:20.412910" level="INFO" html="true">&lt;/td&gt;&lt;/tr&gt;&lt;tr&gt;&lt;td colspan="3"&gt;&lt;a href="selenium-screenshot-1.png"&gt;&lt;img src="selenium-screenshot-1.png" width="800px"&gt;&lt;/a&gt;</msg>
<msg time="2025-11-25T15:34:20.412910" level="FAIL">Element 'xpath=//div[contains(@class, 'MuiDialog-paper')]//button[contains(., 'Agora não')]' not visible after 3 seconds.</msg>
<arg>xpath=//div[contains(@class, 'MuiDialog-paper')]//button[contains(., 'Agora não')]</arg>
<arg>timeout=3s</arg>
<doc>Waits until the element ``locator`` is visible.</doc>
<status status="FAIL" start="2025-11-25T15:34:16.776874" elapsed="3.642085">Element 'xpath=//div[contains(@class, 'MuiDialog-paper')]//button[contains(., 'Agora não')]' not visible after 3 seconds.</status>
</kw>
<msg time="2025-11-25T15:34:20.418959" level="INFO">${alert_visible} = False</msg>
<var>${alert_visible}</var>
<arg>Wait Until Element Is Visible</arg>
<arg>xpath=//div[contains(@class, 'MuiDialog-paper')]//button[contains(., 'Agora não')]</arg>
<arg>timeout=3s</arg>
<doc>Runs the given keyword with given arguments and returns the status as a Boolean value.</doc>
<status status="PASS" start="2025-11-25T15:34:16.776874" elapsed="3.644098"/>
</kw>
<kw name="Run Keyword If" owner="BuiltIn">
<arg>${alert_visible}</arg>
<arg>Click Element</arg>
<arg>xpath=//div[contains(@class, 'MuiDialog-paper')]//button[contains(., 'Agora não')]</arg>
<doc>Runs the given keyword with the given arguments, if ``condition`` is true.</doc>
<status status="PASS" start="2025-11-25T15:34:20.420972" elapsed="0.000000"/>
</kw>
<status status="PASS" start="2025-11-25T15:34:16.776874" elapsed="3.644098"/>
</kw>
<kw name="Esperar Toast Desaparecer" owner="keywords">
<kw name="Sleep" owner="BuiltIn">
<msg time="2025-11-25T15:34:22.423206" level="INFO">Slept 2 seconds.</msg>
<arg>2s</arg>
<doc>Pauses the test executed for the given time.</doc>
<status status="PASS" start="2025-11-25T15:34:20.422986" elapsed="2.000220"/>
</kw>
<kw name="Run Keyword And Return Status" owner="BuiltIn">
<kw name="Wait Until Element Is Visible" owner="SeleniumLibrary">
<arg>xpath=//div[contains(@class, 'Toastify')]</arg>
<arg>timeout=3s</arg>
<doc>Waits until the element ``locator`` is visible.</doc>
<status status="PASS" start="2025-11-25T15:34:22.423206" elapsed="0.629507"/>
</kw>
<msg time="2025-11-25T15:34:23.052713" level="INFO">${toast_visible} = True</msg>
<var>${toast_visible}</var>
<arg>Wait Until Element Is Visible</arg>
<arg>xpath=//div[contains(@class, 'Toastify')]</arg>
<arg>timeout=3s</arg>
<doc>Runs the given keyword with given arguments and returns the status as a Boolean value.</doc>
<status status="PASS" start="2025-11-25T15:34:22.423206" elapsed="0.629507"/>
</kw>
<kw name="Run Keyword If" owner="BuiltIn">
<kw name="Wait Until Element Is Not Visible" owner="SeleniumLibrary">
<arg>xpath=//div[contains(@class, 'Toastify')]</arg>
<arg>timeout=5s</arg>
<doc>Waits until the element ``locator`` is not visible.</doc>
<status status="PASS" start="2025-11-25T15:34:23.052713" elapsed="0.312120"/>
</kw>
<arg>${toast_visible}</arg>
<arg>Wait Until Element Is Not Visible</arg>
<arg>xpath=//div[contains(@class, 'Toastify')]</arg>
<arg>timeout=5s</arg>
<doc>Runs the given keyword with the given arguments, if ``condition`` is true.</doc>
<status status="PASS" start="2025-11-25T15:34:23.052713" elapsed="0.312120"/>
</kw>
<status status="PASS" start="2025-11-25T15:34:20.420972" elapsed="2.943861"/>
</kw>
<status status="PASS" start="2025-11-25T15:34:12.080315" elapsed="11.284518"/>
</kw>
<kw name="Criar Dados Base Para Teste" owner="keywords">
<kw name="Go To" owner="SeleniumLibrary">
<msg time="2025-11-25T15:34:23.364833" level="INFO">Opening url 'http://localhost:5173/tutors'</msg>
<arg>${BASE_URL}/tutors</arg>
<doc>Navigates the current browser window to the provided ``url``.</doc>
<status status="PASS" start="2025-11-25T15:34:23.364833" elapsed="2.900739"/>
</kw>
<kw name="Wait Until Element Is Visible" owner="SeleniumLibrary">
<arg>xpath=//div[contains(@class, 'sc-jBaHRL')]//span[contains(text(), 'Tutor')]</arg>
<arg>timeout=10s</arg>
<doc>Waits until the element ``locator`` is visible.</doc>
<status status="PASS" start="2025-11-25T15:34:26.265572" elapsed="1.137594"/>
</kw>
<kw name="Run Keyword And Return Status" owner="BuiltIn">
<kw name="Page Should Contain Element" owner="SeleniumLibrary">
<msg time="2025-11-25T15:34:28.452642" level="INFO" html="true">&lt;/td&gt;&lt;/tr&gt;&lt;tr&gt;&lt;td colspan="3"&gt;&lt;a href="selenium-screenshot-2.png"&gt;&lt;img src="selenium-screenshot-2.png" width="800px"&gt;&lt;/a&gt;</msg>
<msg time="2025-11-25T15:34:28.452642" level="FAIL">Page should have contained element 'xpath=//span[contains(text(), 'João Silva Teste')]' but did not.</msg>
<arg>xpath=//span[contains(text(), '${TUTOR_TESTE.nome}')]</arg>
<doc>Verifies that element ``locator`` is found on the current page.</doc>
<status status="FAIL" start="2025-11-25T15:34:27.403166" elapsed="1.112797">Page should have contained element 'xpath=//span[contains(text(), 'João Silva Teste')]' but did not.</status>
</kw>
<msg time="2025-11-25T15:34:28.515963" level="INFO">${tutor_existe} = False</msg>
<var>${tutor_existe}</var>
<arg>Page Should Contain Element</arg>
<arg>xpath=//span[contains(text(), '${TUTOR_TESTE.nome}')]</arg>
<doc>Runs the given keyword with given arguments and returns the status as a Boolean value.</doc>
<status status="PASS" start="2025-11-25T15:34:27.403166" elapsed="1.112797"/>
</kw>
<kw name="Run Keyword Unless" owner="BuiltIn">
<msg time="2025-11-25T15:34:28.515963" level="WARN">Keyword 'BuiltIn.Run Keyword Unless' is deprecated. </msg>
<kw name="Criar Tutor Teste" owner="keywords">
<kw name="Click Element" owner="SeleniumLibrary">
<msg time="2025-11-25T15:34:28.515963" level="INFO">Clicking element 'xpath=//button[contains(., 'Novo tutor +')]'.</msg>
<arg>xpath=//button[contains(., 'Novo tutor +')]</arg>
<doc>Click the element identified by ``locator``.</doc>
<status status="PASS" start="2025-11-25T15:34:28.515963" elapsed="0.911670"/>
</kw>
<kw name="Wait Until Element Is Visible" owner="SeleniumLibrary">
<arg>xpath=//h2[contains(text(), 'Novo tutor')]</arg>
<arg>timeout=10s</arg>
<doc>Waits until the element ``locator`` is visible.</doc>
<status status="PASS" start="2025-11-25T15:34:29.427633" elapsed="0.627368"/>
</kw>
<kw name="Input Text" owner="SeleniumLibrary">
<msg time="2025-11-25T15:34:30.055001" level="INFO">Typing text 'João Silva Teste' into text field 'xpath=//label[contains(., 'Nome completo')]/following-sibling::div//input'.</msg>
<arg>xpath=//label[contains(., 'Nome completo')]/following-sibling::div//input</arg>
<arg>${TUTOR_TESTE.nome}</arg>
<doc>Types the given ``text`` into the text field identified by ``locator``.</doc>
<status status="PASS" start="2025-11-25T15:34:30.055001" elapsed="1.533403"/>
</kw>
<kw name="Input Text" owner="SeleniumLibrary">
<msg time="2025-11-25T15:34:31.588404" level="INFO">Typing text '(61) 99999-9999' into text field 'xpath=//label[contains(., 'Telefone')]/following-sibling::div//input'.</msg>
<arg>xpath=//label[contains(., 'Telefone')]/following-sibling::div//input</arg>
<arg>${TUTOR_TESTE.telefone}</arg>
<doc>Types the given ``text`` into the text field identified by ``locator``.</doc>
<status status="PASS" start="2025-11-25T15:34:31.588404" elapsed="1.253219"/>
</kw>
<kw name="Input Text" owner="SeleniumLibrary">
<msg time="2025-11-25T15:34:32.841623" level="INFO">Typing text '000.111.222-44' into text field 'xpath=//label[contains(., 'CPF')]/following-sibling::div//input'.</msg>
<arg>xpath=//label[contains(., 'CPF')]/following-sibling::div//input</arg>
<arg>${TUTOR_TESTE.cpf}</arg>
<doc>Types the given ``text`` into the text field identified by ``locator``.</doc>
<status status="PASS" start="2025-11-25T15:34:32.841623" elapsed="1.383468"/>
</kw>
<kw name="Click Element" owner="SeleniumLibrary">
<msg time="2025-11-25T15:34:34.225091" level="INFO">Clicking element 'xpath=//button[contains(., 'Cadastrar')]'.</msg>
<arg>xpath=//button[contains(., 'Cadastrar')]</arg>
<doc>Click the element identified by ``locator``.</doc>
<status status="PASS" start="2025-11-25T15:34:34.225091" elapsed="0.724191"/>
</kw>
<kw name="Wait Until Element Is Not Visible" owner="SeleniumLibrary">
<arg>xpath=//h2[contains(text(), 'Novo tutor')]</arg>
<arg>timeout=10s</arg>
<doc>Waits until the element ``locator`` is not visible.</doc>
<status status="PASS" start="2025-11-25T15:34:34.949282" elapsed="0.312507"/>
</kw>
<kw name="Wait Until Page Contains" owner="SeleniumLibrary">
<arg>Tutor cadastrado com sucesso!</arg>
<arg>timeout=10s</arg>
<doc>Waits until ``text`` appears on the current page.</doc>
<status status="PASS" start="2025-11-25T15:34:35.261789" elapsed="0.316941"/>
</kw>
<status status="PASS" start="2025-11-25T15:34:28.515963" elapsed="7.062767"/>
</kw>
<arg>${tutor_existe}</arg>
<arg>Criar Tutor Teste</arg>
<doc>*DEPRECATED since RF 5.0. Use Native IF/ELSE or `Run Keyword If` instead.*</doc>
<status status="PASS" start="2025-11-25T15:34:28.515963" elapsed="7.062767"/>
</kw>
<kw name="Go To" owner="SeleniumLibrary">
<msg time="2025-11-25T15:34:35.578730" level="INFO">Opening url 'http://localhost:5173/pets'</msg>
<arg>${BASE_URL}/pets</arg>
<doc>Navigates the current browser window to the provided ``url``.</doc>
<status status="PASS" start="2025-11-25T15:34:35.578730" elapsed="3.082195"/>
</kw>
<kw name="Wait Until Element Is Visible" owner="SeleniumLibrary">
<arg>xpath=//div[contains(@class, 'sc-Pgsbw')]//span[contains(text(), 'Nome')]</arg>
<arg>timeout=10s</arg>
<doc>Waits until the element ``locator`` is visible.</doc>
<status status="PASS" start="2025-11-25T15:34:38.660925" elapsed="1.142729"/>
</kw>
<kw name="Run Keyword And Return Status" owner="BuiltIn">
<kw name="Page Should Contain Element" owner="SeleniumLibrary">
<msg time="2025-11-25T15:34:40.860644" level="INFO" html="true">&lt;/td&gt;&lt;/tr&gt;&lt;tr&gt;&lt;td colspan="3"&gt;&lt;a href="selenium-screenshot-3.png"&gt;&lt;img src="selenium-screenshot-3.png" width="800px"&gt;&lt;/a&gt;</msg>
<msg time="2025-11-25T15:34:40.860644" level="FAIL">Page should have contained element 'xpath=//*[contains(text(), 'Rex Teste')]' but did not.</msg>
<arg>xpath=//*[contains(text(), '${PET_TESTE.nome}')]</arg>
<doc>Verifies that element ``locator`` is found on the current page.</doc>
<status status="FAIL" start="2025-11-25T15:34:39.803654" elapsed="1.056990">Page should have contained element 'xpath=//*[contains(text(), 'Rex Teste')]' but did not.</status>
</kw>
<msg time="2025-11-25T15:34:40.860644" level="INFO">${pet_existe} = False</msg>
<var>${pet_existe}</var>
<arg>Page Should Contain Element</arg>
<arg>xpath=//*[contains(text(), '${PET_TESTE.nome}')]</arg>
<doc>Runs the given keyword with given arguments and returns the status as a Boolean value.</doc>
<status status="PASS" start="2025-11-25T15:34:39.803654" elapsed="1.056990"/>
</kw>
<kw name="Run Keyword Unless" owner="BuiltIn">
<msg time="2025-11-25T15:34:40.860644" level="WARN">Keyword 'BuiltIn.Run Keyword Unless' is deprecated. </msg>
<kw name="Criar Pet Teste" owner="keywords">
<kw name="Click Element" owner="SeleniumLibrary">
<msg time="2025-11-25T15:34:40.860644" level="INFO">Clicking element 'xpath=//button[contains(., 'Novo pet +')]'.</msg>
<arg>xpath=//button[contains(., 'Novo pet +')]</arg>
<doc>Click the element identified by ``locator``.</doc>
<status status="PASS" start="2025-11-25T15:34:40.860644" elapsed="0.947288"/>
</kw>
<kw name="Wait Until Element Is Visible" owner="SeleniumLibrary">
<arg>xpath=//h2[contains(text(), 'Novo Pet')]</arg>
<arg>timeout=10s</arg>
<doc>Waits until the element ``locator`` is visible.</doc>
<status status="PASS" start="2025-11-25T15:34:41.807932" elapsed="0.626962"/>
</kw>
<kw name="Wait Until Element Is Visible" owner="SeleniumLibrary">
<arg>xpath=//label[contains(text(), 'Tutor')]/following-sibling::div</arg>
<arg>timeout=10s</arg>
<doc>Waits until the element ``locator`` is visible.</doc>
<status status="PASS" start="2025-11-25T15:34:42.434894" elapsed="0.628824"/>
</kw>
<kw name="Sleep" owner="BuiltIn">
<msg time="2025-11-25T15:34:44.064634" level="INFO">Slept 1 second.</msg>
<arg>1s</arg>
<doc>Pauses the test executed for the given time.</doc>
<status status="PASS" start="2025-11-25T15:34:43.063718" elapsed="1.000916"/>
</kw>
<kw name="Click Element" owner="SeleniumLibrary">
<msg time="2025-11-25T15:34:44.064634" level="INFO">Clicking element 'xpath=//label[contains(text(), 'Tutor')]/following-sibling::div'.</msg>
<arg>xpath=//label[contains(text(), 'Tutor')]/following-sibling::div</arg>
<doc>Click the element identified by ``locator``.</doc>
<status status="PASS" start="2025-11-25T15:34:44.064634" elapsed="0.791247"/>
</kw>
<kw name="Sleep" owner="BuiltIn">
<msg time="2025-11-25T15:34:45.856766" level="INFO">Slept 1 second.</msg>
<arg>1s</arg>
<doc>Pauses the test executed for the given time.</doc>
<status status="PASS" start="2025-11-25T15:34:44.856389" elapsed="1.000377"/>
</kw>
<kw name="Wait Until Element Is Visible" owner="SeleniumLibrary">
<arg>xpath=//li[contains(., '${TUTOR_TESTE.nome}')]</arg>
<arg>timeout=10s</arg>
<doc>Waits until the element ``locator`` is visible.</doc>
<status status="PASS" start="2025-11-25T15:34:45.856766" elapsed="0.636177"/>
</kw>
<kw name="Click Element" owner="SeleniumLibrary">
<msg time="2025-11-25T15:34:46.492943" level="INFO">Clicking element 'xpath=//li[contains(., 'João Silva Teste')]'.</msg>
<arg>xpath=//li[contains(., '${TUTOR_TESTE.nome}')]</arg>
<doc>Click the element identified by ``locator``.</doc>
<status status="PASS" start="2025-11-25T15:34:46.492943" elapsed="0.788319"/>
</kw>
<kw name="Sleep" owner="BuiltIn">
<msg time="2025-11-25T15:34:48.281469" level="INFO">Slept 1 second.</msg>
<arg>1s</arg>
<doc>Pauses the test executed for the given time.</doc>
<status status="PASS" start="2025-11-25T15:34:47.281262" elapsed="1.000207"/>
</kw>
<kw name="Input Text" owner="SeleniumLibrary">
<msg time="2025-11-25T15:34:48.283137" level="INFO">Typing text 'Rex Teste' into text field 'xpath=//input[@placeholder="Digite o nome do pet"]'.</msg>
<arg>xpath=//input[@placeholder="Digite o nome do pet"]</arg>
<arg>${PET_TESTE.nome}</arg>
<doc>Types the given ``text`` into the text field identified by ``locator``.</doc>
<status status="PASS" start="2025-11-25T15:34:48.282021" elapsed="1.259765"/>
</kw>
<kw name="Click Element" owner="SeleniumLibrary">
<msg time="2025-11-25T15:34:49.541786" level="INFO">Clicking element 'xpath=//label[contains(., "Espécie")]/following::div[contains(@class, "MuiSelect-select")][1]'.</msg>
<arg>xpath=//label[contains(., "Espécie")]/following::div[contains(@class, "MuiSelect-select")][1]</arg>
<doc>Click the element identified by ``locator``.</doc>
<status status="PASS" start="2025-11-25T15:34:49.541786" elapsed="0.715659"/>
</kw>
<kw name="Wait Until Element Is Visible" owner="SeleniumLibrary">
<arg>xpath=//li[@role="option" and contains(., "${PET_TESTE.especie}")]</arg>
<arg>timeout=5s</arg>
<doc>Waits until the element ``locator`` is visible.</doc>
<status status="PASS" start="2025-11-25T15:34:50.257445" elapsed="0.631404"/>
</kw>
<kw name="Click Element" owner="SeleniumLibrary">
<msg time="2025-11-25T15:34:50.888849" level="INFO">Clicking element 'xpath=//li[@role="option" and contains(., "Cachorro")]'.</msg>
<arg>xpath=//li[@role="option" and contains(., "${PET_TESTE.especie}")]</arg>
<doc>Click the element identified by ``locator``.</doc>
<status status="PASS" start="2025-11-25T15:34:50.888849" elapsed="0.735654"/>
</kw>
<kw name="Input Text" owner="SeleniumLibrary">
<msg time="2025-11-25T15:34:51.624503" level="INFO">Typing text 'Labrador' into text field 'xpath=//input[@placeholder="Ex: Labrador, Siames"]'.</msg>
<arg>xpath=//input[@placeholder="Ex: Labrador, Siames"]</arg>
<arg>${PET_TESTE.raça}</arg>
<doc>Types the given ``text`` into the text field identified by ``locator``.</doc>
<status status="PASS" start="2025-11-25T15:34:51.624503" elapsed="1.263506"/>
</kw>
<kw name="Click Element" owner="SeleniumLibrary">
<msg time="2025-11-25T15:34:52.888009" level="INFO">Clicking element 'xpath=//label[contains(., "Sexo")]/following::div[contains(@class, "MuiSelect-select")][1]'.</msg>
<arg>xpath=//label[contains(., "Sexo")]/following::div[contains(@class, "MuiSelect-select")][1]</arg>
<doc>Click the element identified by ``locator``.</doc>
<status status="PASS" start="2025-11-25T15:34:52.888009" elapsed="0.737666"/>
</kw>
<kw name="Wait Until Element Is Visible" owner="SeleniumLibrary">
<arg>xpath=//li[@role="option" and contains(., "${PET_TESTE.sexo}")]</arg>
<arg>timeout=5s</arg>
<doc>Waits until the element ``locator`` is visible.</doc>
<status status="PASS" start="2025-11-25T15:34:53.625675" elapsed="0.626466"/>
</kw>
<kw name="Click Element" owner="SeleniumLibrary">
<msg time="2025-11-25T15:34:54.252141" level="INFO">Clicking element 'xpath=//li[@role="option" and contains(., "Macho")]'.</msg>
<arg>xpath=//li[@role="option" and contains(., "${PET_TESTE.sexo}")]</arg>
<doc>Click the element identified by ``locator``.</doc>
<status status="PASS" start="2025-11-25T15:34:54.252141" elapsed="0.737642"/>
</kw>
<kw name="Input Text" owner="SeleniumLibrary">
<msg time="2025-11-25T15:34:54.990319" level="INFO">Typing text '01-01-2020' into text field 'xpath=//input[@type="date"]'.</msg>
<arg>xpath=//input[@type="date"]</arg>
<arg>${PET_TESTE.nascimento}</arg>
<doc>Types the given ``text`` into the text field identified by ``locator``.</doc>
<status status="PASS" start="2025-11-25T15:34:54.989783" elapsed="1.155431"/>
</kw>
<kw name="Wait Until Element Is Enabled" owner="SeleniumLibrary">
<arg>xpath=//button[contains(., 'Cadastrar Pet')]</arg>
<arg>timeout=10s</arg>
<doc>Waits until the element ``locator`` is enabled.</doc>
<status status="PASS" start="2025-11-25T15:34:56.145214" elapsed="0.941943"/>
</kw>
<kw name="Click Element" owner="SeleniumLibrary">
<msg time="2025-11-25T15:34:57.087157" level="INFO">Clicking element 'xpath=//button[contains(., 'Cadastrar Pet')]'.</msg>
<arg>xpath=//button[contains(., 'Cadastrar Pet')]</arg>
<doc>Click the element identified by ``locator``.</doc>
<status status="PASS" start="2025-11-25T15:34:57.087157" elapsed="0.726939"/>
</kw>
<kw name="Wait Until Element Is Not Visible" owner="SeleniumLibrary">
<msg time="2025-11-25T15:34:58.145760" level="INFO">Suppressing StaleElementReferenceException from Selenium.</msg>
<arg>xpath=//h2[contains(text(), 'Novo Pet')]</arg>
<arg>timeout=10s</arg>
<doc>Waits until the element ``locator`` is not visible.</doc>
<status status="PASS" start="2025-11-25T15:34:57.814623" elapsed="0.843039"/>
</kw>
<kw name="Wait Until Page Contains" owner="SeleniumLibrary">
<arg>Pet criado com sucesso!</arg>
<arg>timeout=10s</arg>
<doc>Waits until ``text`` appears on the current page.</doc>
<status status="PASS" start="2025-11-25T15:34:58.657662" elapsed="0.316151"/>
</kw>
<status status="PASS" start="2025-11-25T15:34:40.860644" elapsed="18.113169"/>
</kw>
<arg>${pet_existe}</arg>
<arg>Criar Pet Teste</arg>
<doc>*DEPRECATED since RF 5.0. Use Native IF/ELSE or `Run Keyword If` instead.*</doc>
<status status="PASS" start="2025-11-25T15:34:40.860644" elapsed="18.113169"/>
</kw>
<kw name="Go To" owner="SeleniumLibrary">
<msg time="2025-11-25T15:34:58.974350" level="INFO">Opening url 'http://localhost:5173/home'</msg>
<arg>${BASE_URL}/home</arg>
<doc>Navigates the current browser window to the provided ``url``.</doc>
<status status="PASS" start="2025-11-25T15:34:58.974350" elapsed="2.963457"/>
</kw>
<kw name="Wait Until Element Is Visible" owner="SeleniumLibrary">
<arg>xpath=//button[contains(., 'Agendar')]</arg>
<arg>timeout=10s</arg>
<doc>Waits until the element ``locator`` is visible.</doc>
<status status="PASS" start="2025-11-25T15:35:01.937807" elapsed="0.677328"/>
</kw>
<kw name="Wait Until Element Is Visible" owner="SeleniumLibrary">
<arg>xpath=//h2[contains(@class, 'sc-fcSHUR') and (contains(text(), 'Estadias Atuais') or contains(text(), 'Próximas Estadias'))]</arg>
<arg>timeout=10s</arg>
<doc>Waits until the element ``locator`` is visible.</doc>
<status status="PASS" start="2025-11-25T15:35:02.615708" elapsed="0.663654"/>
</kw>
<kw name="Run Keyword And Return Status" owner="BuiltIn">
<kw name="Page Should Contain Element" owner="SeleniumLibrary">
<msg time="2025-11-25T15:35:04.336290" level="INFO" html="true">&lt;/td&gt;&lt;/tr&gt;&lt;tr&gt;&lt;td colspan="3"&gt;&lt;a href="selenium-screenshot-4.png"&gt;&lt;img src="selenium-screenshot-4.png" width="800px"&gt;&lt;/a&gt;</msg>
<msg time="2025-11-25T15:35:04.336290" level="FAIL">Page should have contained element 'xpath=//h3[contains(@class, 'sc-jkvfRO') and contains(text(), 'Rex Teste')]' but did not.</msg>
<arg>xpath=//h3[contains(@class, 'sc-jkvfRO') and contains(text(), '${PET_TESTE.nome}')]</arg>
<doc>Verifies that element ``locator`` is found on the current page.</doc>
<status status="FAIL" start="2025-11-25T15:35:03.279362" elapsed="1.056928">Page should have contained element 'xpath=//h3[contains(@class, 'sc-jkvfRO') and contains(text(), 'Rex Teste')]' but did not.</status>
</kw>
<msg time="2025-11-25T15:35:04.336290" level="INFO">${estadia_existe} = False</msg>
<var>${estadia_existe}</var>
<arg>Page Should Contain Element</arg>
<arg>xpath=//h3[contains(@class, 'sc-jkvfRO') and contains(text(), '${PET_TESTE.nome}')]</arg>
<doc>Runs the given keyword with given arguments and returns the status as a Boolean value.</doc>
<status status="PASS" start="2025-11-25T15:35:03.279362" elapsed="1.056928"/>
</kw>
<kw name="Run Keyword Unless" owner="BuiltIn">
<msg time="2025-11-25T15:35:04.336290" level="WARN">Keyword 'BuiltIn.Run Keyword Unless' is deprecated. </msg>
<kw name="Criar Estadia Teste" owner="keywords">
<kw name="Click Element" owner="SeleniumLibrary">
<msg time="2025-11-25T15:35:04.341651" level="INFO">Clicking element 'xpath=//button[contains(., 'Agendar') and not(ancestor::*[contains(@class, 'Modal')])]'.</msg>
<arg>xpath=//button[contains(., 'Agendar') and not(ancestor::*[contains(@class, 'Modal')])]</arg>
<doc>Click the element identified by ``locator``.</doc>
<status status="PASS" start="2025-11-25T15:35:04.339636" elapsed="0.959330"/>
</kw>
<kw name="Wait Until Element Is Visible" owner="SeleniumLibrary">
<arg>xpath=//h2[contains(text(), 'Agendar')]</arg>
<arg>timeout=10s</arg>
<doc>Waits until the element ``locator`` is visible.</doc>
<status status="PASS" start="2025-11-25T15:35:05.299535" elapsed="0.635392"/>
</kw>
<kw name="Click Element" owner="SeleniumLibrary">
<msg time="2025-11-25T15:35:05.934927" level="INFO">Clicking element 'xpath=//div[@role="combobox"]'.</msg>
<arg>xpath=//div[@role="combobox"]</arg>
<doc>Click the element identified by ``locator``.</doc>
<status status="PASS" start="2025-11-25T15:35:05.934927" elapsed="0.764506"/>
</kw>
<kw name="Wait Until Element Is Visible" owner="SeleniumLibrary">
<arg>xpath=//li[contains(., '${PET_TESTE.nome}')]</arg>
<arg>timeout=10s</arg>
<doc>Waits until the element ``locator`` is visible.</doc>
<status status="PASS" start="2025-11-25T15:35:06.699433" elapsed="0.625992"/>
</kw>
<kw name="Click Element" owner="SeleniumLibrary">
<msg time="2025-11-25T15:35:07.325425" level="INFO">Clicking element 'xpath=//li[contains(., 'Rex Teste')]'.</msg>
<arg>xpath=//li[contains(., '${PET_TESTE.nome}')]</arg>
<doc>Click the element identified by ``locator``.</doc>
<status status="PASS" start="2025-11-25T15:35:07.325425" elapsed="0.797045"/>
</kw>
<kw name="Get Current Date" owner="DateTime">
<msg time="2025-11-25T15:35:08.122470" level="INFO">${today} = 25-11-2025</msg>
<var>${today}</var>
<arg>result_format=%d-%m-%Y</arg>
<doc>Returns current local or UTC time with an optional increment.</doc>
<status status="PASS" start="2025-11-25T15:35:08.122470" elapsed="0.000000"/>
</kw>
<kw name="Get Current Date" owner="DateTime">
<msg time="2025-11-25T15:35:08.127477" level="INFO">${end_date} = 28-11-2025</msg>
<var>${end_date}</var>
<arg>increment=3 days</arg>
<arg>result_format=%d-%m-%Y</arg>
<doc>Returns current local or UTC time with an optional increment.</doc>
<status status="PASS" start="2025-11-25T15:35:08.123478" elapsed="0.003999"/>
</kw>
<kw name="Input Text" owner="SeleniumLibrary">
<msg time="2025-11-25T15:35:08.128478" level="INFO">Typing text '25-11-2025' into text field 'xpath=(//input[@type="date"])[1]'.</msg>
<arg>xpath=(//input[@type="date"])[1]</arg>
<arg>${today}</arg>
<doc>Types the given ``text`` into the text field identified by ``locator``.</doc>
<status status="PASS" start="2025-11-25T15:35:08.127477" elapsed="1.187668"/>
</kw>
<kw name="Input Text" owner="SeleniumLibrary">
<msg time="2025-11-25T15:35:09.315145" level="INFO">Typing text '28-11-2025' into text field 'xpath=(//input[@type="date"])[2]'.</msg>
<arg>xpath=(//input[@type="date"])[2]</arg>
<arg>${end_date}</arg>
<doc>Types the given ``text`` into the text field identified by ``locator``.</doc>
<status status="PASS" start="2025-11-25T15:35:09.315145" elapsed="1.312833"/>
</kw>
<kw name="Input Text" owner="SeleniumLibrary">
<msg time="2025-11-25T15:35:10.628506" level="INFO">Typing text '08:00' into text field 'xpath=(//input[@type="time"])[1]'.</msg>
<arg>xpath=(//input[@type="time"])[1]</arg>
<arg>${ESTADIA_TESTE.hora_entrada}</arg>
<doc>Types the given ``text`` into the text field identified by ``locator``.</doc>
<status status="PASS" start="2025-11-25T15:35:10.627978" elapsed="1.116661"/>
</kw>
<kw name="Input Text" owner="SeleniumLibrary">
<msg time="2025-11-25T15:35:11.744639" level="INFO">Typing text '18:00' into text field 'xpath=(//input[@type="time"])[2]'.</msg>
<arg>xpath=(//input[@type="time"])[2]</arg>
<arg>${ESTADIA_TESTE.hora_saida}</arg>
<doc>Types the given ``text`` into the text field identified by ``locator``.</doc>
<status status="PASS" start="2025-11-25T15:35:11.744639" elapsed="1.119291"/>
</kw>
<kw name="Click Element" owner="SeleniumLibrary">
<msg time="2025-11-25T15:35:12.863930" level="INFO">Clicking element 'xpath=//label[contains(., "Forma de pagamento")]/following::div[contains(@class, "MuiSelect-select")][1]'.</msg>
<arg>xpath=//label[contains(., "Forma de pagamento")]/following::div[contains(@class, "MuiSelect-select")][1]</arg>
<doc>Click the element identified by ``locator``.</doc>
<status status="PASS" start="2025-11-25T15:35:12.863930" elapsed="0.721411"/>
</kw>
<kw name="Click Element" owner="SeleniumLibrary">
<msg time="2025-11-25T15:35:13.585849" level="INFO">Clicking element 'xpath=//li[@role="option" and contains(., "Pix")]'.</msg>
<arg>xpath=//li[@role="option" and contains(., "${ESTADIA_TESTE.pagamento}")]</arg>
<doc>Click the element identified by ``locator``.</doc>
<status status="PASS" start="2025-11-25T15:35:13.585341" elapsed="0.741039"/>
</kw>
<kw name="Input Text" owner="SeleniumLibrary">
<msg time="2025-11-25T15:35:14.326380" level="INFO">Typing text '100,00' into text field 'css=input[placeholder="0,00"]'.</msg>
<arg>css=input[placeholder="0,00"]</arg>
<arg>${ESTADIA_TESTE.diaria}</arg>
<doc>Types the given ``text`` into the text field identified by ``locator``.</doc>
<status status="PASS" start="2025-11-25T15:35:14.326380" elapsed="1.297676"/>
</kw>
<kw name="Click Element" owner="SeleniumLibrary">
<msg time="2025-11-25T15:35:15.624056" level="INFO">Clicking element 'xpath=//div[contains(@class, 'MuiDialog-paper')]//button[contains(., 'Agendar')]'.</msg>
<arg>xpath=//div[contains(@class, 'MuiDialog-paper')]//button[contains(., 'Agendar')]</arg>
<doc>Click the element identified by ``locator``.</doc>
<status status="PASS" start="2025-11-25T15:35:15.624056" elapsed="0.738200"/>
</kw>
<kw name="Wait Until Page Contains" owner="SeleniumLibrary">
<arg>Estadia criada com sucesso!</arg>
<arg>timeout=10s</arg>
<doc>Waits until ``text`` appears on the current page.</doc>
<status status="PASS" start="2025-11-25T15:35:16.362256" elapsed="0.324157"/>
</kw>
<status status="PASS" start="2025-11-25T15:35:04.339636" elapsed="12.346777"/>
</kw>
<arg>${estadia_existe}</arg>
<arg>Criar Estadia Teste</arg>
<doc>*DEPRECATED since RF 5.0. Use Native IF/ELSE or `Run Keyword If` instead.*</doc>
<status status="PASS" start="2025-11-25T15:35:04.336290" elapsed="12.350123"/>
</kw>
<status status="PASS" start="2025-11-25T15:34:23.364833" elapsed="53.321580"/>
</kw>
<status status="PASS" start="2025-11-25T15:34:05.346492" elapsed="71.339921"/>
</kw>
<test id="s1-s2-s1-t1" name="CT01 Criar agendamento com dados válidos" line="23">
<kw name="Preparar Teste" type="SETUP">
<kw name="Go To" owner="SeleniumLibrary">
<msg time="2025-11-25T15:35:16.689147" level="INFO">Opening url 'http://localhost:5173/home'</msg>
<arg>${BASE_URL}/home</arg>
<doc>Navigates the current browser window to the provided ``url``.</doc>
<status status="PASS" start="2025-11-25T15:35:16.688427" elapsed="2.814359"/>
</kw>
<kw name="Wait Until Element Is Visible" owner="SeleniumLibrary">
<arg>xpath=//button[contains(., 'Agendar') and not(ancestor::*[contains(@class, 'Modal')])]</arg>
<arg>timeout=10s</arg>
<doc>Waits until the element ``locator`` is visible.</doc>
<status status="PASS" start="2025-11-25T15:35:19.502786" elapsed="0.649813"/>
</kw>
<status status="PASS" start="2025-11-25T15:35:16.687419" elapsed="3.465180"/>
</kw>
<kw name="E clico no botão &quot;Agendar&quot; na página inicial">
<kw name="Wait Until Element Is Visible" owner="SeleniumLibrary">
<arg>xpath=//button[contains(., 'Agendar') and not(ancestor::*[contains(@class, 'Modal')])]</arg>
<arg>timeout=10s</arg>
<doc>Waits until the element ``locator`` is visible.</doc>
<status status="PASS" start="2025-11-25T15:35:20.152599" elapsed="0.645762"/>
</kw>
<kw name="Click Element" owner="SeleniumLibrary">
<msg time="2025-11-25T15:35:20.798361" level="INFO">Clicking element 'xpath=//button[contains(., 'Agendar') and not(ancestor::*[contains(@class, 'Modal')])]'.</msg>
<arg>xpath=//button[contains(., 'Agendar') and not(ancestor::*[contains(@class, 'Modal')])]</arg>
<doc>Click the element identified by ``locator``.</doc>
<status status="PASS" start="2025-11-25T15:35:20.798361" elapsed="0.790613"/>
</kw>
<kw name="Wait Until Element Is Visible" owner="SeleniumLibrary">
<arg>xpath=//h2[contains(text(), 'Agendar')]</arg>
<arg>timeout=10s</arg>
<doc>Waits until the element ``locator`` is visible.</doc>
<status status="PASS" start="2025-11-25T15:35:21.588974" elapsed="0.650400"/>
</kw>
<status status="PASS" start="2025-11-25T15:35:20.152599" elapsed="2.086775"/>
</kw>
<kw name="E seleciono o pet de teste no combobox">
<kw name="Wait Until Element Is Visible" owner="SeleniumLibrary">
<arg>xpath=//div[@role="combobox"]</arg>
<arg>timeout=10s</arg>
<doc>Waits until the element ``locator`` is visible.</doc>
<status status="PASS" start="2025-11-25T15:35:22.240653" elapsed="0.637352"/>
</kw>
<kw name="Click Element" owner="SeleniumLibrary">
<msg time="2025-11-25T15:35:22.878005" level="INFO">Clicking element 'xpath=//div[@role="combobox"]'.</msg>
<arg>xpath=//div[@role="combobox"]</arg>
<doc>Click the element identified by ``locator``.</doc>
<status status="PASS" start="2025-11-25T15:35:22.878005" elapsed="0.719477"/>
</kw>
<kw name="Wait Until Element Is Visible" owner="SeleniumLibrary">
<arg>xpath=//li[contains(., '${PET_TESTE.nome}')]</arg>
<arg>timeout=10s</arg>
<doc>Waits until the element ``locator`` is visible.</doc>
<status status="PASS" start="2025-11-25T15:35:23.597482" elapsed="0.620886"/>
</kw>
<kw name="Click Element" owner="SeleniumLibrary">
<msg time="2025-11-25T15:35:24.218368" level="INFO">Clicking element 'xpath=//li[contains(., 'Rex Teste')]'.</msg>
<arg>xpath=//li[contains(., '${PET_TESTE.nome}')]</arg>
<doc>Click the element identified by ``locator``.</doc>
<status status="PASS" start="2025-11-25T15:35:24.218368" elapsed="0.857154"/>
</kw>
<status status="PASS" start="2025-11-25T15:35:22.240653" elapsed="2.834869"/>
</kw>
<kw name="E preencho a data de entrada">
<kw name="Get Current Date" owner="DateTime">
<msg time="2025-11-25T15:35:25.076867" level="INFO">${today} = 25-11-2025</msg>
<var>${today}</var>
<arg>result_format=%d-%m-%Y</arg>
<doc>Returns current local or UTC time with an optional increment.</doc>
<status status="PASS" start="2025-11-25T15:35:25.076867" elapsed="0.000000"/>
</kw>
<kw name="Wait Until Element Is Visible" owner="SeleniumLibrary">
<arg>xpath=(//input[@type="date"])[1]</arg>
<arg>timeout=10s</arg>
<doc>Waits until the element ``locator`` is visible.</doc>
<status status="PASS" start="2025-11-25T15:35:25.076867" elapsed="0.621666"/>
</kw>
<kw name="Input Text" owner="SeleniumLibrary">
<msg time="2025-11-25T15:35:25.698533" level="INFO">Typing text '25-11-2025' into text field 'xpath=(//input[@type="date"])[1]'.</msg>
<arg>xpath=(//input[@type="date"])[1]</arg>
<arg>${today}</arg>
<doc>Types the given ``text`` into the text field identified by ``locator``.</doc>
<status status="PASS" start="2025-11-25T15:35:25.698533" elapsed="1.135844"/>
</kw>
<status status="PASS" start="2025-11-25T15:35:25.075522" elapsed="1.758855"/>
</kw>
<kw name="E preencho a data de saída">
<kw name="Get Current Date" owner="DateTime">
<msg time="2025-11-25T15:35:26.836294" level="INFO">${end} = 28-11-2025</msg>
<var>${end}</var>
<arg>increment=3 days</arg>
<arg>result_format=%d-%m-%Y</arg>
<doc>Returns current local or UTC time with an optional increment.</doc>
<status status="PASS" start="2025-11-25T15:35:26.835679" elapsed="0.001187"/>
</kw>
<kw name="Wait Until Element Is Visible" owner="SeleniumLibrary">
<arg>xpath=(//input[@type="date"])[2]</arg>
<arg>timeout=10s</arg>
<doc>Waits until the element ``locator`` is visible.</doc>
<status status="PASS" start="2025-11-25T15:35:26.836866" elapsed="0.626346"/>
</kw>
<kw name="Input Text" owner="SeleniumLibrary">
<msg time="2025-11-25T15:35:27.463212" level="INFO">Typing text '28-11-2025' into text field 'xpath=(//input[@type="date"])[2]'.</msg>
<arg>xpath=(//input[@type="date"])[2]</arg>
<arg>${end}</arg>
<doc>Types the given ``text`` into the text field identified by ``locator``.</doc>
<status status="PASS" start="2025-11-25T15:35:27.463212" elapsed="1.197971"/>
</kw>
<status status="PASS" start="2025-11-25T15:35:26.835093" elapsed="1.826090"/>
</kw>
<kw name="E preencho a hora de entrada">
<kw name="Wait Until Element Is Visible" owner="SeleniumLibrary">
<arg>xpath=(//input[@type="time"])[1]</arg>
<arg>timeout=10s</arg>
<doc>Waits until the element ``locator`` is visible.</doc>
<status status="PASS" start="2025-11-25T15:35:28.661183" elapsed="0.622818"/>
</kw>
<kw name="Input Text" owner="SeleniumLibrary">
<msg time="2025-11-25T15:35:29.284738" level="INFO">Typing text '08:00' into text field 'xpath=(//input[@type="time"])[1]'.</msg>
<arg>xpath=(//input[@type="time"])[1]</arg>
<arg>${START_TIME}</arg>
<doc>Types the given ``text`` into the text field identified by ``locator``.</doc>
<status status="PASS" start="2025-11-25T15:35:29.284001" elapsed="1.085063"/>
</kw>
<status status="PASS" start="2025-11-25T15:35:28.661183" elapsed="1.707881"/>
</kw>
<kw name="E preencho a hora de saída">
<kw name="Wait Until Element Is Visible" owner="SeleniumLibrary">
<arg>xpath=(//input[@type="time"])[2]</arg>
<arg>timeout=10s</arg>
<doc>Waits until the element ``locator`` is visible.</doc>
<status status="PASS" start="2025-11-25T15:35:30.369064" elapsed="0.624595"/>
</kw>
<kw name="Input Text" owner="SeleniumLibrary">
<msg time="2025-11-25T15:35:30.993659" level="INFO">Typing text '18:00' into text field 'xpath=(//input[@type="time"])[2]'.</msg>
<arg>xpath=(//input[@type="time"])[2]</arg>
<arg>${END_TIME}</arg>
<doc>Types the given ``text`` into the text field identified by ``locator``.</doc>
<status status="PASS" start="2025-11-25T15:35:30.993659" elapsed="1.126168"/>
</kw>
<status status="PASS" start="2025-11-25T15:35:30.369064" elapsed="1.750763"/>
</kw>
<kw name="E seleciono a forma de pagamento">
<kw name="Wait Until Element Is Visible" owner="SeleniumLibrary">
<arg>xpath=//label[contains(., "Forma de pagamento")]/following::div[contains(@class, "MuiSelect-select")][1]</arg>
<arg>10s</arg>
<doc>Waits until the element ``locator`` is visible.</doc>
<status status="PASS" start="2025-11-25T15:35:32.119827" elapsed="0.623174"/>
</kw>
<kw name="Click Element" owner="SeleniumLibrary">
<msg time="2025-11-25T15:35:32.743001" level="INFO">Clicking element 'xpath=//label[contains(., "Forma de pagamento")]/following::div[contains(@class, "MuiSelect-select")][1]'.</msg>
<arg>xpath=//label[contains(., "Forma de pagamento")]/following::div[contains(@class, "MuiSelect-select")][1]</arg>
<doc>Click the element identified by ``locator``.</doc>
<status status="PASS" start="2025-11-25T15:35:32.743001" elapsed="0.698314"/>
</kw>
<kw name="Wait Until Element Is Visible" owner="SeleniumLibrary">
<arg>xpath=//li[@role="option" and contains(., "${PAGAMENTO}")]</arg>
<arg>10s</arg>
<doc>Waits until the element ``locator`` is visible.</doc>
<status status="PASS" start="2025-11-25T15:35:33.441315" elapsed="0.625466"/>
</kw>
<kw name="Click Element" owner="SeleniumLibrary">
<msg time="2025-11-25T15:35:34.066781" level="INFO">Clicking element 'xpath=//li[@role="option" and contains(., "Pix")]'.</msg>
<arg>xpath=//li[@role="option" and contains(., "${PAGAMENTO}")]</arg>
<doc>Click the element identified by ``locator``.</doc>
<status status="PASS" start="2025-11-25T15:35:34.066781" elapsed="0.725625"/>
</kw>
<arg>Pix</arg>
<status status="PASS" start="2025-11-25T15:35:32.119827" elapsed="2.672579"/>
</kw>
<kw name="E preencho o valor da diária">
<kw name="Wait Until Element Is Visible" owner="SeleniumLibrary">
<arg>css=input[placeholder="0,00"]</arg>
<arg>timeout=10s</arg>
<doc>Waits until the element ``locator`` is visible.</doc>
<status status="PASS" start="2025-11-25T15:35:34.792406" elapsed="0.625491"/>
</kw>
<kw name="Input Text" owner="SeleniumLibrary">
<msg time="2025-11-25T15:35:35.417897" level="INFO">Typing text '100,00' into text field 'css=input[placeholder="0,00"]'.</msg>
<arg>css=input[placeholder="0,00"]</arg>
<arg>${DAILY_RATE}</arg>
<doc>Types the given ``text`` into the text field identified by ``locator``.</doc>
<status status="PASS" start="2025-11-25T15:35:35.417897" elapsed="1.505914"/>
</kw>
<status status="PASS" start="2025-11-25T15:35:34.792406" elapsed="2.131405"/>
</kw>
<kw name="E preencho observações">
<kw name="Wait Until Element Is Visible" owner="SeleniumLibrary">
<arg>xpath=//textarea</arg>
<arg>timeout=10s</arg>
<doc>Waits until the element ``locator`` is visible.</doc>
<status status="PASS" start="2025-11-25T15:35:36.923811" elapsed="0.628742"/>
</kw>
<kw name="Input Text" owner="SeleniumLibrary">
<msg time="2025-11-25T15:35:37.552553" level="INFO">Typing text 'Teste de agendamento automático - Pet precisa de alimentação especial' into text field 'xpath=//textarea'.</msg>
<arg>xpath=//textarea</arg>
<arg>${OBSERVATIONS}</arg>
<doc>Types the given ``text`` into the text field identified by ``locator``.</doc>
<status status="PASS" start="2025-11-25T15:35:37.552553" elapsed="3.145178"/>
</kw>
<kw name="Sleep" owner="BuiltIn">
<msg time="2025-11-25T15:35:41.697997" level="INFO">Slept 1 second.</msg>
<arg>1s</arg>
<doc>Pauses the test executed for the given time.</doc>
<status status="PASS" start="2025-11-25T15:35:40.697731" elapsed="1.000266"/>
</kw>
<status status="PASS" start="2025-11-25T15:35:36.923811" elapsed="4.774186"/>
</kw>
<kw name="Quando clico no botão &quot;Agendar&quot; no modal">
<kw name="Wait Until Element Is Visible" owner="SeleniumLibrary">
<arg>xpath=//div[contains(@class, 'MuiDialog-paper')]//button[contains(., 'Agendar')]</arg>
<arg>timeout=10s</arg>
<doc>Waits until the element ``locator`` is visible.</doc>
<status status="PASS" start="2025-11-25T15:35:41.697997" elapsed="0.626075"/>
</kw>
<kw name="Wait Until Element Is Enabled" owner="SeleniumLibrary">
<arg>xpath=//div[contains(@class, 'MuiDialog-paper')]//button[contains(., 'Agendar')]</arg>
<arg>timeout=10s</arg>
<doc>Waits until the element ``locator`` is enabled.</doc>
<status status="PASS" start="2025-11-25T15:35:42.324072" elapsed="0.937208"/>
</kw>
<kw name="Scroll Element Into View" owner="SeleniumLibrary">
<arg>xpath=//div[contains(@class, 'MuiDialog-paper')]//button[contains(., 'Agendar')]</arg>
<doc>Scrolls the element identified by ``locator`` into view.</doc>
<status status="PASS" start="2025-11-25T15:35:43.261280" elapsed="0.905323"/>
</kw>
<kw name="Sleep" owner="BuiltIn">
<msg time="2025-11-25T15:35:45.167193" level="INFO">Slept 1 second.</msg>
<arg>1s</arg>
<doc>Pauses the test executed for the given time.</doc>
<status status="PASS" start="2025-11-25T15:35:44.166603" elapsed="1.000590"/>
</kw>
<kw name="Get WebElement" owner="SeleniumLibrary">
<msg time="2025-11-25T15:35:45.479708" level="INFO">${element} = &lt;selenium.webdriver.remote.webelement.WebElement (session="8977343bfe8ed87f6b4dc719707b681a", element="f.393152A5C251D433160C19E21C5E08A8.d.32E3C8015592D70003FD0CCC152F5A69.e.241")&gt;</msg>
<var>${element}</var>
<arg>xpath=//div[contains(@class, 'MuiDialog-paper')]//button[contains(., 'Agendar')]</arg>
<doc>Returns the first WebElement matching the given ``locator``.</doc>
<status status="PASS" start="2025-11-25T15:35:45.167193" elapsed="0.312515"/>
</kw>
<kw name="Execute Javascript" owner="SeleniumLibrary">
<msg time="2025-11-25T15:35:45.479708" level="INFO">Executing JavaScript:
arguments[0].click();
By using argument:
'&lt;selenium.webdriver.remote.webelement.WebElement (session="8977343bfe8ed87f6b4dc719707b681a", element="f.393152A5C251D433160C19E21C5E08A8.d.32E3C8015592D70003FD0CCC152F5A69.e.241")&gt;'</msg>
<arg>arguments[0].click();</arg>
<arg>ARGUMENTS</arg>
<arg>${element}</arg>
<doc>Executes the given JavaScript code with possible arguments.</doc>
<status status="PASS" start="2025-11-25T15:35:45.479708" elapsed="0.347753"/>
</kw>
<kw name="Sleep" owner="BuiltIn">
<msg time="2025-11-25T15:35:48.828400" level="INFO">Slept 3 seconds.</msg>
<arg>3s</arg>
<doc>Pauses the test executed for the given time.</doc>
<status status="PASS" start="2025-11-25T15:35:45.828076" elapsed="3.000324"/>
</kw>
<status status="PASS" start="2025-11-25T15:35:41.697997" elapsed="7.130403"/>
</kw>
<kw name="Então o agendamento deve ser criado com sucesso">
<kw name="Wait Until Page Contains" owner="SeleniumLibrary">
<arg>Estadia criada com sucesso!</arg>
<arg>timeout=10s</arg>
<doc>Waits until ``text`` appears on the current page.</doc>
<status status="PASS" start="2025-11-25T15:35:48.828400" elapsed="0.316672"/>
</kw>
<status status="PASS" start="2025-11-25T15:35:48.828400" elapsed="0.316672"/>
</kw>
<kw name="E o modal deve ser fechado">
<kw name="Wait Until Element Is Not Visible" owner="SeleniumLibrary">
<arg>xpath=//h2[contains(text(), 'Agendar')]</arg>
<doc>Waits until the element ``locator`` is not visible.</doc>
<status status="PASS" start="2025-11-25T15:35:49.145072" elapsed="0.311486"/>
</kw>
<status status="PASS" start="2025-11-25T15:35:49.145072" elapsed="0.311486"/>
</kw>
<kw name="Limpar Teste" type="TEARDOWN">
<kw name="Run Keyword And Return Status" owner="BuiltIn">
<kw name="Element Should Be Visible" owner="SeleniumLibrary">
<msg time="2025-11-25T15:35:50.233847" level="INFO" html="true">&lt;/td&gt;&lt;/tr&gt;&lt;tr&gt;&lt;td colspan="3"&gt;&lt;a href="selenium-screenshot-5.png"&gt;&lt;img src="selenium-screenshot-5.png" width="800px"&gt;&lt;/a&gt;</msg>
<msg time="2025-11-25T15:35:50.233847" level="FAIL">Element with locator 'xpath=//h2[contains(text(), 'Agendar')]' not found.</msg>
<arg>xpath=//h2[contains(text(), 'Agendar')]</arg>
<doc>Verifies that the element identified by ``locator`` is visible.</doc>
<status status="FAIL" start="2025-11-25T15:35:49.456558" elapsed="0.781726">Element with locator 'xpath=//h2[contains(text(), 'Agendar')]' not found.</status>
</kw>
<msg time="2025-11-25T15:35:50.238284" level="INFO">${modal_aberto} = False</msg>
<var>${modal_aberto}</var>
<arg>Element Should Be Visible</arg>
<arg>xpath=//h2[contains(text(), 'Agendar')]</arg>
<doc>Runs the given keyword with given arguments and returns the status as a Boolean value.</doc>
<status status="PASS" start="2025-11-25T15:35:49.456558" elapsed="0.781726"/>
</kw>
<kw name="Run Keyword If" owner="BuiltIn">
<arg>${modal_aberto}</arg>
<arg>Click Element</arg>
<arg>xpath=//button[contains(., 'Cancelar')]</arg>
<doc>Runs the given keyword with the given arguments, if ``condition`` is true.</doc>
<status status="PASS" start="2025-11-25T15:35:50.238284" elapsed="0.000000"/>
</kw>
<kw name="Sleep" owner="BuiltIn">
<msg time="2025-11-25T15:35:51.238859" level="INFO">Slept 1 second.</msg>
<arg>1s</arg>
<doc>Pauses the test executed for the given time.</doc>
<status status="PASS" start="2025-11-25T15:35:50.238284" elapsed="1.000575"/>
</kw>
<status status="PASS" start="2025-11-25T15:35:49.456558" elapsed="1.782301"/>
</kw>
<doc>Testa criação completa de estadia com todos os dados</doc>
<status status="PASS" start="2025-11-25T15:35:16.686413" elapsed="34.552446"/>
</test>
<test id="s1-s2-s1-t2" name="CT02 Tentar criar agendamento sem pet selecionado" line="38">
<kw name="Preparar Teste" type="SETUP">
<kw name="Go To" owner="SeleniumLibrary">
<msg time="2025-11-25T15:35:51.238859" level="INFO">Opening url 'http://localhost:5173/home'</msg>
<arg>${BASE_URL}/home</arg>
<doc>Navigates the current browser window to the provided ``url``.</doc>
<status status="PASS" start="2025-11-25T15:35:51.238859" elapsed="2.691194"/>
</kw>
<kw name="Wait Until Element Is Visible" owner="SeleniumLibrary">
<arg>xpath=//button[contains(., 'Agendar') and not(ancestor::*[contains(@class, 'Modal')])]</arg>
<arg>timeout=10s</arg>
<doc>Waits until the element ``locator`` is visible.</doc>
<status status="PASS" start="2025-11-25T15:35:53.930053" elapsed="0.625489"/>
</kw>
<status status="PASS" start="2025-11-25T15:35:51.238859" elapsed="3.316683"/>
</kw>
<kw name="E clico no botão &quot;Agendar&quot; na página inicial">
<kw name="Wait Until Element Is Visible" owner="SeleniumLibrary">
<arg>xpath=//button[contains(., 'Agendar') and not(ancestor::*[contains(@class, 'Modal')])]</arg>
<arg>timeout=10s</arg>
<doc>Waits until the element ``locator`` is visible.</doc>
<status status="PASS" start="2025-11-25T15:35:54.555542" elapsed="0.623267"/>
</kw>
<kw name="Click Element" owner="SeleniumLibrary">
<msg time="2025-11-25T15:35:55.178809" level="INFO">Clicking element 'xpath=//button[contains(., 'Agendar') and not(ancestor::*[contains(@class, 'Modal')])]'.</msg>
<arg>xpath=//button[contains(., 'Agendar') and not(ancestor::*[contains(@class, 'Modal')])]</arg>
<doc>Click the element identified by ``locator``.</doc>
<status status="PASS" start="2025-11-25T15:35:55.178809" elapsed="0.832272"/>
</kw>
<kw name="Wait Until Element Is Visible" owner="SeleniumLibrary">
<arg>xpath=//h2[contains(text(), 'Agendar')]</arg>
<arg>timeout=10s</arg>
<doc>Waits until the element ``locator`` is visible.</doc>
<status status="PASS" start="2025-11-25T15:35:56.011081" elapsed="0.623544"/>
</kw>
<status status="PASS" start="2025-11-25T15:35:54.555542" elapsed="2.079083"/>
</kw>
<kw name="E preencho a data de entrada">
<kw name="Get Current Date" owner="DateTime">
<msg time="2025-11-25T15:35:56.634625" level="INFO">${today} = 25-11-2025</msg>
<var>${today}</var>
<arg>result_format=%d-%m-%Y</arg>
<doc>Returns current local or UTC time with an optional increment.</doc>
<status status="PASS" start="2025-11-25T15:35:56.634625" elapsed="0.000000"/>
</kw>
<kw name="Wait Until Element Is Visible" owner="SeleniumLibrary">
<arg>xpath=(//input[@type="date"])[1]</arg>
<arg>timeout=10s</arg>
<doc>Waits until the element ``locator`` is visible.</doc>
<status status="PASS" start="2025-11-25T15:35:56.634625" elapsed="0.624841"/>
</kw>
<kw name="Input Text" owner="SeleniumLibrary">
<msg time="2025-11-25T15:35:57.259466" level="INFO">Typing text '25-11-2025' into text field 'xpath=(//input[@type="date"])[1]'.</msg>
<arg>xpath=(//input[@type="date"])[1]</arg>
<arg>${today}</arg>
<doc>Types the given ``text`` into the text field identified by ``locator``.</doc>
<status status="PASS" start="2025-11-25T15:35:57.259466" elapsed="1.172020"/>
</kw>
<status status="PASS" start="2025-11-25T15:35:56.634625" elapsed="1.796861"/>
</kw>
<kw name="E preencho a data de saída">
<kw name="Get Current Date" owner="DateTime">
<msg time="2025-11-25T15:35:58.431486" level="INFO">${end} = 28-11-2025</msg>
<var>${end}</var>
<arg>increment=3 days</arg>
<arg>result_format=%d-%m-%Y</arg>
<doc>Returns current local or UTC time with an optional increment.</doc>
<status status="PASS" start="2025-11-25T15:35:58.431486" elapsed="0.000000"/>
</kw>
<kw name="Wait Until Element Is Visible" owner="SeleniumLibrary">
<arg>xpath=(//input[@type="date"])[2]</arg>
<arg>timeout=10s</arg>
<doc>Waits until the element ``locator`` is visible.</doc>
<status status="PASS" start="2025-11-25T15:35:58.431486" elapsed="0.624131"/>
</kw>
<kw name="Input Text" owner="SeleniumLibrary">
<msg time="2025-11-25T15:35:59.055617" level="INFO">Typing text '28-11-2025' into text field 'xpath=(//input[@type="date"])[2]'.</msg>
<arg>xpath=(//input[@type="date"])[2]</arg>
<arg>${end}</arg>
<doc>Types the given ``text`` into the text field identified by ``locator``.</doc>
<status status="PASS" start="2025-11-25T15:35:59.055617" elapsed="1.281573"/>
</kw>
<status status="PASS" start="2025-11-25T15:35:58.431486" elapsed="1.905704"/>
</kw>
<kw name="E preencho a hora de entrada">
<kw name="Wait Until Element Is Visible" owner="SeleniumLibrary">
<arg>xpath=(//input[@type="time"])[1]</arg>
<arg>timeout=10s</arg>
<doc>Waits until the element ``locator`` is visible.</doc>
<status status="PASS" start="2025-11-25T15:36:00.337190" elapsed="0.626227"/>
</kw>
<kw name="Input Text" owner="SeleniumLibrary">
<msg time="2025-11-25T15:36:00.963417" level="INFO">Typing text '08:00' into text field 'xpath=(//input[@type="time"])[1]'.</msg>
<arg>xpath=(//input[@type="time"])[1]</arg>
<arg>${START_TIME}</arg>
<doc>Types the given ``text`` into the text field identified by ``locator``.</doc>
<status status="PASS" start="2025-11-25T15:36:00.963417" elapsed="1.070743"/>
</kw>
<status status="PASS" start="2025-11-25T15:36:00.337190" elapsed="1.696970"/>
</kw>
<kw name="E seleciono a forma de pagamento">
<kw name="Wait Until Element Is Visible" owner="SeleniumLibrary">
<arg>xpath=//label[contains(., "Forma de pagamento")]/following::div[contains(@class, "MuiSelect-select")][1]</arg>
<arg>10s</arg>
<doc>Waits until the element ``locator`` is visible.</doc>
<status status="PASS" start="2025-11-25T15:36:02.034160" elapsed="0.627711"/>
</kw>
<kw name="Click Element" owner="SeleniumLibrary">
<msg time="2025-11-25T15:36:02.661871" level="INFO">Clicking element 'xpath=//label[contains(., "Forma de pagamento")]/following::div[contains(@class, "MuiSelect-select")][1]'.</msg>
<arg>xpath=//label[contains(., "Forma de pagamento")]/following::div[contains(@class, "MuiSelect-select")][1]</arg>
<doc>Click the element identified by ``locator``.</doc>
<status status="PASS" start="2025-11-25T15:36:02.661871" elapsed="0.706231"/>
</kw>
<kw name="Wait Until Element Is Visible" owner="SeleniumLibrary">
<arg>xpath=//li[@role="option" and contains(., "${PAGAMENTO}")]</arg>
<arg>10s</arg>
<doc>Waits until the element ``locator`` is visible.</doc>
<status status="PASS" start="2025-11-25T15:36:03.368102" elapsed="0.625648"/>
</kw>
<kw name="Click Element" owner="SeleniumLibrary">
<msg time="2025-11-25T15:36:03.993750" level="INFO">Clicking element 'xpath=//li[@role="option" and contains(., "Pix")]'.</msg>
<arg>xpath=//li[@role="option" and contains(., "${PAGAMENTO}")]</arg>
<doc>Click the element identified by ``locator``.</doc>
<status status="PASS" start="2025-11-25T15:36:03.993750" elapsed="0.726216"/>
</kw>
<arg>Pix</arg>
[...]
<status status="PASS" start="2025-11-25T15:57:19.978714" elapsed="2.635689"/>
</kw>
<kw name="Wait Until Element Is Visible" owner="SeleniumLibrary">
<arg>xpath=//button[contains(., 'Novo tutor +')]</arg>
<arg>timeout=10s</arg>
<doc>Waits until the element ``locator`` is visible.</doc>
<status status="PASS" start="2025-11-25T15:57:22.614403" elapsed="0.625025"/>
</kw>
<kw name="Sleep" owner="BuiltIn">
<msg time="2025-11-25T15:57:24.239599" level="INFO">Slept 1 second.</msg>
<arg>1s</arg>
<doc>Pauses the test executed for the given time.</doc>
<status status="PASS" start="2025-11-25T15:57:23.239428" elapsed="1.000171"/>
</kw>
<status status="PASS" start="2025-11-25T15:57:19.978714" elapsed="4.260885"/>
</kw>
<kw name="Quando acesso o perfil do tutor base">
<kw name="Wait Until Element Is Visible" owner="SeleniumLibrary">
<arg>xpath=//*[contains(text(), '${TUTOR_TESTE.nome}')]</arg>
<arg>timeout=10s</arg>
<doc>Waits until the element ``locator`` is visible.</doc>
<status status="PASS" start="2025-11-25T15:57:24.239599" elapsed="0.631002"/>
</kw>
<kw name="Click Element" owner="SeleniumLibrary">
<msg time="2025-11-25T15:57:24.870601" level="INFO">Clicking element 'xpath=//*[contains(text(), 'João Silva Teste')]/ancestor::div[1]/descendant::*[local-name()='svg' and @stroke='currentColor'][1]'.</msg>
<arg>xpath=//*[contains(text(), '${TUTOR_TESTE.nome}')]/ancestor::div[1]/descendant::*[local-name()='svg' and @stroke='currentColor'][1]</arg>
<doc>Click the element identified by ``locator``.</doc>
<status status="PASS" start="2025-11-25T15:57:24.870601" elapsed="0.760310"/>
</kw>
<kw name="Wait Until Element Is Visible" owner="SeleniumLibrary">
<arg>xpath=//h2[contains(text(), 'Perfil do tutor')]</arg>
<arg>timeout=10s</arg>
<doc>Waits until the element ``locator`` is visible.</doc>
<status status="PASS" start="2025-11-25T15:57:25.630911" elapsed="0.625183"/>
</kw>
<status status="PASS" start="2025-11-25T15:57:24.239599" elapsed="2.016495"/>
</kw>
<kw name="E clico no botão &quot;Excluir tutor&quot;">
<kw name="Wait Until Element Is Visible" owner="SeleniumLibrary">
<arg>xpath=//button[contains(., 'Excluir tutor')]</arg>
<arg>timeout=10s</arg>
<doc>Waits until the element ``locator`` is visible.</doc>
<status status="PASS" start="2025-11-25T15:57:26.257225" elapsed="0.624659"/>
</kw>
<kw name="Click Element" owner="SeleniumLibrary">
<msg time="2025-11-25T15:57:26.881884" level="INFO">Clicking element 'xpath=//button[contains(., 'Excluir tutor')]'.</msg>
<arg>xpath=//button[contains(., 'Excluir tutor')]</arg>
<doc>Click the element identified by ``locator``.</doc>
<status status="PASS" start="2025-11-25T15:57:26.881884" elapsed="0.711200"/>
</kw>
<status status="PASS" start="2025-11-25T15:57:26.256658" elapsed="1.336426"/>
</kw>
<kw name="Então o modal de confirmação deve aparecer">
<kw name="Wait Until Element Is Visible" owner="SeleniumLibrary">
<arg>xpath=//h2[contains(text(), 'Confirmar Exclusão')]</arg>
<arg>timeout=10s</arg>
<doc>Waits until the element ``locator`` is visible.</doc>
<status status="PASS" start="2025-11-25T15:57:27.593084" elapsed="0.624290"/>
</kw>
<kw name="Page Should Contain" owner="SeleniumLibrary">
<msg time="2025-11-25T15:57:28.839767" level="INFO">Current page contains text 'Tem certeza que deseja excluir este tutor?'.</msg>
<arg>Tem certeza que deseja excluir este tutor?</arg>
<doc>Verifies that current page contains ``text``.</doc>
<status status="PASS" start="2025-11-25T15:57:28.217374" elapsed="0.622393"/>
</kw>
<kw name="Page Should Contain" owner="SeleniumLibrary">
<msg time="2025-11-25T15:57:29.457879" level="INFO">Current page contains text 'Todos os pets vinculados a ele serão desvinculados.'.</msg>
<arg>Todos os pets vinculados a ele serão desvinculados.</arg>
<doc>Verifies that current page contains ``text``.</doc>
<status status="PASS" start="2025-11-25T15:57:28.839767" elapsed="0.618112"/>
</kw>
<kw name="Page Should Contain Element" owner="SeleniumLibrary">
<msg time="2025-11-25T15:57:29.770315" level="INFO">Current page contains element 'xpath=//button[contains(., 'Cancelar')]'.</msg>
<arg>xpath=//button[contains(., 'Cancelar')]</arg>
<doc>Verifies that element ``locator`` is found on the current page.</doc>
<status status="PASS" start="2025-11-25T15:57:29.457879" elapsed="0.312436"/>
</kw>
<kw name="Page Should Contain Element" owner="SeleniumLibrary">
<msg time="2025-11-25T15:57:30.082717" level="INFO">Current page contains element 'xpath=//button[contains(., 'Excluir')]'.</msg>
<arg>xpath=//button[contains(., 'Excluir')]</arg>
<doc>Verifies that element ``locator`` is found on the current page.</doc>
<status status="PASS" start="2025-11-25T15:57:29.770315" elapsed="0.312402"/>
</kw>
<status status="PASS" start="2025-11-25T15:57:27.593084" elapsed="2.489633"/>
</kw>
<kw name="Quando confirmo a exclusão">
<kw name="Wait Until Element Is Visible" owner="SeleniumLibrary">
<arg>xpath=//h2[contains(text(), 'Confirmar Exclusão')]</arg>
<arg>timeout=10s</arg>
<doc>Waits until the element ``locator`` is visible.</doc>
<status status="PASS" start="2025-11-25T15:57:30.082717" elapsed="0.624258"/>
</kw>
<kw name="Sleep" owner="BuiltIn">
<msg time="2025-11-25T15:57:31.207807" level="INFO">Slept 500 milliseconds.</msg>
<arg>500ms</arg>
<doc>Pauses the test executed for the given time.</doc>
<status status="PASS" start="2025-11-25T15:57:30.706975" elapsed="0.500832"/>
</kw>
<kw name="Click Button" owner="SeleniumLibrary">
<msg time="2025-11-25T15:57:31.207807" level="INFO">Clicking button 'Excluir'.</msg>
<arg>Excluir</arg>
<doc>Clicks the button identified by ``locator``.</doc>
<status status="PASS" start="2025-11-25T15:57:31.207807" elapsed="1.343826"/>
</kw>
<status status="PASS" start="2025-11-25T15:57:30.082717" elapsed="2.468916"/>
</kw>
<kw name="Então deve aparecer o toast &quot;Erro ao excluir o tutor.&quot;">
<kw name="Wait Until Page Contains Element" owner="SeleniumLibrary">
<arg>xpath=//div[contains(@class, 'Toastify')]</arg>
<arg>timeout=10s</arg>
<doc>Waits until the element ``locator`` appears on the current page.</doc>
<status status="PASS" start="2025-11-25T15:57:32.552142" elapsed="0.314902"/>
</kw>
<kw name="Page Should Contain" owner="SeleniumLibrary">
<msg time="2025-11-25T15:57:33.510182" level="INFO">Current page contains text 'Erro ao excluir o tutor.'.</msg>
<arg>Erro ao excluir o tutor.</arg>
<doc>Verifies that current page contains ``text``.</doc>
<status status="PASS" start="2025-11-25T15:57:32.867044" elapsed="0.643138"/>
</kw>
<status status="PASS" start="2025-11-25T15:57:32.552142" elapsed="0.958040"/>
</kw>
<kw name="E o tutor deve permanecer na listagem">
<kw name="Wait Until Element Is Visible" owner="SeleniumLibrary">
<arg>xpath=//*[contains(text(), '${TUTOR_EXCLUSAO_NOME}')]</arg>
<arg>timeout=10s</arg>
<doc>Waits until the element ``locator`` is visible.</doc>
<status status="PASS" start="2025-11-25T15:57:33.510994" elapsed="0.626075"/>
</kw>
<kw name="Page Should Contain Element" owner="SeleniumLibrary">
<msg time="2025-11-25T15:57:34.451266" level="INFO">Current page contains element 'xpath=//*[contains(text(), 'Tutor Teste Exclusão')]'.</msg>
<arg>xpath=//*[contains(text(), '${TUTOR_EXCLUSAO_NOME}')]</arg>
<doc>Verifies that element ``locator`` is found on the current page.</doc>
<status status="PASS" start="2025-11-25T15:57:34.137069" elapsed="0.314197"/>
</kw>
<status status="PASS" start="2025-11-25T15:57:33.510994" elapsed="0.940272"/>
</kw>
<kw name="Limpar Teste" type="TEARDOWN">
<kw name="Run Keyword And Ignore Error" owner="BuiltIn">
<kw name="Click Element" owner="SeleniumLibrary">
<msg time="2025-11-25T15:57:34.451266" level="INFO">Clicking element 'xpath=//button[contains(., 'Cancelar')]'.</msg>
<msg time="2025-11-25T15:57:35.217272" level="INFO" html="true">&lt;/td&gt;&lt;/tr&gt;&lt;tr&gt;&lt;td colspan="3"&gt;&lt;a href="selenium-screenshot-43.png"&gt;&lt;img src="selenium-screenshot-43.png" width="800px"&gt;&lt;/a&gt;</msg>
<msg time="2025-11-25T15:57:35.217272" level="FAIL">Element with locator 'xpath=//button[contains(., 'Cancelar')]' not found.</msg>
<arg>xpath=//button[contains(., 'Cancelar')]</arg>
<doc>Click the element identified by ``locator``.</doc>
<status status="FAIL" start="2025-11-25T15:57:34.451266" elapsed="0.766006">Element with locator 'xpath=//button[contains(., 'Cancelar')]' not found.</status>
</kw>
<arg>Click Element</arg>
<arg>xpath=//button[contains(., 'Cancelar')]</arg>
<doc>Runs the given keyword with the given arguments and ignores possible error.</doc>
<status status="PASS" start="2025-11-25T15:57:34.451266" elapsed="0.768733"/>
</kw>
<kw name="Run Keyword And Ignore Error" owner="BuiltIn">
<kw name="Wait Until Element Is Not Visible" owner="SeleniumLibrary">
<arg>xpath=//h2[contains(text(), 'Confirmar Exclusão')]</arg>
<arg>timeout=3s</arg>
<doc>Waits until the element ``locator`` is not visible.</doc>
<status status="PASS" start="2025-11-25T15:57:35.219999" elapsed="0.311779"/>
</kw>
<arg>Wait Until Element Is Not Visible</arg>
<arg>xpath=//h2[contains(text(), 'Confirmar Exclusão')]</arg>
<arg>timeout=3s</arg>
<doc>Runs the given keyword with the given arguments and ignores possible error.</doc>
<status status="PASS" start="2025-11-25T15:57:35.219999" elapsed="0.311779"/>
</kw>
<kw name="Run Keyword And Return Status" owner="BuiltIn">
<kw name="Element Should Be Visible" owner="SeleniumLibrary">
<msg time="2025-11-25T15:57:36.154721" level="INFO">Element 'xpath=//h2[contains(text(), 'Perfil do tutor')]' is displayed.</msg>
<arg>xpath=//h2[contains(text(), 'Perfil do tutor')]</arg>
<arg>timeout=3s</arg>
<doc>Verifies that the element identified by ``locator`` is visible.</doc>
<status status="PASS" start="2025-11-25T15:57:35.532337" elapsed="0.622384"/>
</kw>
<msg time="2025-11-25T15:57:36.154721" level="INFO">${perfil_aberto} = True</msg>
<var>${perfil_aberto}</var>
<arg>Element Should Be Visible</arg>
<arg>xpath=//h2[contains(text(), 'Perfil do tutor')]</arg>
<arg>timeout=3s</arg>
<doc>Runs the given keyword with given arguments and returns the status as a Boolean value.</doc>
<status status="PASS" start="2025-11-25T15:57:35.531778" elapsed="0.622943"/>
</kw>
<kw name="Run Keyword If" owner="BuiltIn">
<kw name="Run Keywords" owner="BuiltIn">
<kw name="Run Keyword And Ignore Error" owner="BuiltIn">
<kw name="Click Element" owner="SeleniumLibrary">
<msg time="2025-11-25T15:57:36.154721" level="INFO">Clicking element 'xpath=//button[@aria-label='close']'.</msg>
<arg>xpath=//button[@aria-label='close']</arg>
<doc>Click the element identified by ``locator``.</doc>
<status status="PASS" start="2025-11-25T15:57:36.154721" elapsed="0.717333"/>
</kw>
<arg>Click Element</arg>
<arg>xpath=//button[@aria-label='close']</arg>
<doc>Runs the given keyword with the given arguments and ignores possible error.</doc>
<status status="PASS" start="2025-11-25T15:57:36.154721" elapsed="0.717333"/>
</kw>
<kw name="Run Keyword And Ignore Error" owner="BuiltIn">
<kw name="Wait Until Element Is Not Visible" owner="SeleniumLibrary">
<msg time="2025-11-25T15:57:43.056479" level="INFO" html="true">&lt;/td&gt;&lt;/tr&gt;&lt;tr&gt;&lt;td colspan="3"&gt;&lt;a href="selenium-screenshot-44.png"&gt;&lt;img src="selenium-screenshot-44.png" width="800px"&gt;&lt;/a&gt;</msg>
<msg time="2025-11-25T15:57:43.056479" level="FAIL">Element 'xpath=//h2[contains(text(), 'Perfil do tutor')]' still visible after 5 seconds.</msg>
<arg>xpath=//h2[contains(text(), 'Perfil do tutor')]</arg>
<arg>timeout=5s</arg>
<doc>Waits until the element ``locator`` is not visible.</doc>
<status status="FAIL" start="2025-11-25T15:57:36.872054" elapsed="6.184425">Element 'xpath=//h2[contains(text(), 'Perfil do tutor')]' still visible after 5 seconds.</status>
</kw>
<arg>Wait Until Element Is Not Visible</arg>
<arg>xpath=//h2[contains(text(), 'Perfil do tutor')]</arg>
<arg>timeout=5s</arg>
<doc>Runs the given keyword with the given arguments and ignores possible error.</doc>
<status status="PASS" start="2025-11-25T15:57:36.872054" elapsed="6.184425"/>
</kw>
<arg>Run Keyword And Ignore Error</arg>
<arg>Click Element</arg>
<arg>xpath=//button[@aria-label='close']</arg>
<arg>AND</arg>
<arg>Run Keyword And Ignore Error</arg>
<arg>Wait Until Element Is Not Visible</arg>
<arg>xpath=//h2[contains(text(), 'Perfil do tutor')]</arg>
<arg>timeout=5s</arg>
<doc>Executes all the given keywords in a sequence.</doc>
<status status="PASS" start="2025-11-25T15:57:36.154721" elapsed="6.901758"/>
</kw>
<arg>${perfil_aberto}</arg>
<arg>Run Keywords</arg>
<arg>Run Keyword And Ignore Error</arg>
<arg>Click Element</arg>
<arg>xpath=//button[@aria-label='close']</arg>
<arg>AND</arg>
<arg>Run Keyword And Ignore Error</arg>
<arg>Wait Until Element Is Not Visible</arg>
<arg>xpath=//h2[contains(text(), 'Perfil do tutor')]</arg>
<arg>timeout=5s</arg>
<doc>Runs the given keyword with the given arguments, if ``condition`` is true.</doc>
<status status="PASS" start="2025-11-25T15:57:36.154721" elapsed="6.901758"/>
</kw>
<kw name="Sleep" owner="BuiltIn">
<msg time="2025-11-25T15:57:44.061043" level="INFO">Slept 1 second.</msg>
<arg>1s</arg>
<doc>Pauses the test executed for the given time.</doc>
<status status="PASS" start="2025-11-25T15:57:43.056479" elapsed="1.004564"/>
</kw>
<status status="PASS" start="2025-11-25T15:57:34.451266" elapsed="9.609777"/>
</kw>
<doc>Testa tentativa de exclusão de tutor com pets vinculados</doc>
<status status="PASS" start="2025-11-25T15:57:19.978714" elapsed="24.082329"/>
</test>
<kw name="Close All Browsers" owner="SeleniumLibrary" type="TEARDOWN">
<doc>Closes all open browsers and resets the browser cache.</doc>
<status status="PASS" start="2025-11-25T15:57:44.061043" elapsed="2.598065"/>
</kw>
<status status="PASS" start="2025-11-25T15:55:55.098142" elapsed="111.560966"/>
</suite>
<status status="PASS" start="2025-11-25T15:55:55.096132" elapsed="111.565105"/>
</suite>
<status status="PASS" start="2025-11-25T15:49:53.596318" elapsed="473.066589"/>
</suite>
<status status="PASS" start="2025-11-25T15:32:32.270724" elapsed="1514.394406"/>
</suite>
<statistics>
<total>
<stat pass="55" fail="0" skip="0">All Tests</stat>
</total>
<tag>
</tag>
<suite>
<stat name="testRobotAustay-final" id="s1" pass="55" fail="0" skip="0">testRobotAustay-final</stat>
<stat name="Autenticacao" id="s1-s1" pass="6" fail="0" skip="0">testRobotAustay-final.Autenticacao</stat>
<stat name="Autenticacao Usuario" id="s1-s1-s1" pass="6" fail="0" skip="0">testRobotAustay-final.Autenticacao.Autenticacao Usuario</stat>
<stat name="Estadia" id="s1-s2" pass="7" fail="0" skip="0">testRobotAustay-final.Estadia</stat>
<stat name="Criacao Estadia" id="s1-s2-s1" pass="7" fail="0" skip="0">testRobotAustay-final.Estadia.Criacao Estadia</stat>
<stat name="Pagamento" id="s1-s3" pass="4" fail="0" skip="0">testRobotAustay-final.Pagamento</stat>
<stat name="Criacao Pagamento" id="s1-s3-s1" pass="4" fail="0" skip="0">testRobotAustay-final.Pagamento.Criacao Pagamento</stat>
<stat name="Pet" id="s1-s4" pass="17" fail="0" skip="0">testRobotAustay-final.Pet</stat>
<stat name="Criacao" id="s1-s4-s1" pass="5" fail="0" skip="0">testRobotAustay-final.Pet.Criacao</stat>
<stat name="Criacao Pet" id="s1-s4-s1-s1" pass="5" fail="0" skip="0">testRobotAustay-final.Pet.Criacao.Criacao Pet</stat>
<stat name="Edicao" id="s1-s4-s2" pass="9" fail="0" skip="0">testRobotAustay-final.Pet.Edicao</stat>
<stat name="Edicao Pet" id="s1-s4-s2-s1" pass="9" fail="0" skip="0">testRobotAustay-final.Pet.Edicao.Edicao Pet</stat>
<stat name="Exclusao" id="s1-s4-s3" pass="3" fail="0" skip="0">testRobotAustay-final.Pet.Exclusao</stat>
<stat name="Exclusao Pet" id="s1-s4-s3-s1" pass="3" fail="0" skip="0">testRobotAustay-final.Pet.Exclusao.Exclusao Pet</stat>
<stat name="Run Tests" id="s1-s5" pass="5" fail="0" skip="0">testRobotAustay-final.Run Tests</stat>
<stat name="Tutor" id="s1-s6" pass="16" fail="0" skip="0">testRobotAustay-final.Tutor</stat>
<stat name="Criacao" id="s1-s6-s1" pass="7" fail="0" skip="0">testRobotAustay-final.Tutor.Criacao</stat>
<stat name="Criacao Tutor" id="s1-s6-s1-s1" pass="7" fail="0" skip="0">testRobotAustay-final.Tutor.Criacao.Criacao Tutor</stat>
<stat name="Edicao" id="s1-s6-s2" pass="6" fail="0" skip="0">testRobotAustay-final.Tutor.Edicao</stat>
<stat name="Edicao Tutor" id="s1-s6-s2-s1" pass="6" fail="0" skip="0">testRobotAustay-final.Tutor.Edicao.Edicao Tutor</stat>
<stat name="Exclusao" id="s1-s6-s3" pass="3" fail="0" skip="0">testRobotAustay-final.Tutor.Exclusao</stat>
<stat name="Exclusao Tutor" id="s1-s6-s3-s1" pass="3" fail="0" skip="0">testRobotAustay-final.Tutor.Exclusao.Exclusao Tutor</stat>
</suite>
</statistics>
<errors>
<msg time="2025-11-25T15:34:28.515963" level="WARN">Keyword 'BuiltIn.Run Keyword Unless' is deprecated. </msg>
<msg time="2025-11-25T15:34:40.860644" level="WARN">Keyword 'BuiltIn.Run Keyword Unless' is deprecated. </msg>
<msg time="2025-11-25T15:35:04.336290" level="WARN">Keyword 'BuiltIn.Run Keyword Unless' is deprecated. </msg>
<msg time="2025-11-25T15:38:40.550833" level="WARN">Keyword 'BuiltIn.Run Keyword Unless' is deprecated. </msg>
<msg time="2025-11-25T15:38:43.897455" level="WARN">Keyword 'BuiltIn.Run Keyword Unless' is deprecated. </msg>
<msg time="2025-11-25T15:38:47.906101" level="WARN">Keyword 'BuiltIn.Run Keyword Unless' is deprecated. </msg>
<msg time="2025-11-25T15:40:49.458841" level="WARN">Keyword 'BuiltIn.Run Keyword Unless' is deprecated. </msg>
<msg time="2025-11-25T15:40:53.366360" level="WARN">Keyword 'BuiltIn.Run Keyword Unless' is deprecated. </msg>
<msg time="2025-11-25T15:40:56.929510" level="WARN">Keyword 'BuiltIn.Run Keyword Unless' is deprecated. </msg>
<msg time="2025-11-25T15:41:20.990317" level="WARN">Keyword 'BuiltIn.Run Keyword Unless' is deprecated. </msg>
<msg time="2025-11-25T15:41:24.048564" level="WARN">Keyword 'BuiltIn.Run Keyword Unless' is deprecated. </msg>
<msg time="2025-11-25T15:43:42.908782" level="WARN">Keyword 'BuiltIn.Run Keyword Unless' is deprecated. </msg>
<msg time="2025-11-25T15:43:46.735138" level="WARN">Keyword 'BuiltIn.Run Keyword Unless' is deprecated. </msg>
<msg time="2025-11-25T15:43:50.627851" level="WARN">Keyword 'BuiltIn.Run Keyword Unless' is deprecated. </msg>
<msg time="2025-11-25T15:48:08.989749" level="WARN">Keyword 'BuiltIn.Run Keyword Unless' is deprecated. </msg>
<msg time="2025-11-25T15:48:12.522207" level="WARN">Keyword 'BuiltIn.Run Keyword Unless' is deprecated. </msg>
<msg time="2025-11-25T15:48:16.684937" level="WARN">Keyword 'BuiltIn.Run Keyword Unless' is deprecated. </msg>
<msg time="2025-11-25T15:48:21.939449" level="WARN">Keyword 'BuiltIn.Run Keyword Unless' is deprecated. </msg>
<msg time="2025-11-25T15:48:57.179333" level="WARN">Keyword 'BuiltIn.Run Keyword Unless' is deprecated. </msg>
<msg time="2025-11-25T15:50:14.680283" level="WARN">Keyword 'BuiltIn.Run Keyword Unless' is deprecated. </msg>
<msg time="2025-11-25T15:50:18.530604" level="WARN">Keyword 'BuiltIn.Run Keyword Unless' is deprecated. </msg>
<msg time="2025-11-25T15:50:22.376704" level="WARN">Keyword 'BuiltIn.Run Keyword Unless' is deprecated. </msg>
<msg time="2025-11-25T15:53:00.578214" level="WARN">Keyword 'BuiltIn.Run Keyword Unless' is deprecated. </msg>
<msg time="2025-11-25T15:53:04.502936" level="WARN">Keyword 'BuiltIn.Run Keyword Unless' is deprecated. </msg>
<msg time="2025-11-25T15:53:08.228700" level="WARN">Keyword 'BuiltIn.Run Keyword Unless' is deprecated. </msg>
<msg time="2025-11-25T15:56:16.498693" level="WARN">Keyword 'BuiltIn.Run Keyword Unless' is deprecated. </msg>
<msg time="2025-11-25T15:56:20.417311" level="WARN">Keyword 'BuiltIn.Run Keyword Unless' is deprecated. </msg>
<msg time="2025-11-25T15:56:24.154102" level="WARN">Keyword 'BuiltIn.Run Keyword Unless' is deprecated. </msg>
<msg time="2025-11-25T15:56:29.269470" level="WARN">Keyword 'BuiltIn.Run Keyword Unless' is deprecated. </msg>
<msg time="2025-11-25T15:56:57.193386" level="WARN">Keyword 'BuiltIn.Run Keyword Unless' is deprecated. </msg>
</errors>
</robot>
